[1011/173254.177:ERROR:directory_reader_win.cc(43)] FindFirstFile: The system cannot find the path specified. (0x3)
[1013/235421.599:ERROR:process_reader_win.cc(123)] NtOpenThread: {Access Denied} A process has requested access to an object, but has not been granted those access rights. (0xc0000022)
[1013/235421.599:ERROR:process_reader_win.cc(123)] NtOpenThread: {Access Denied} A process has requested access to an object, but has not been granted those access rights. (0xc0000022)
[1013/235421.777:ERROR:exception_snapshot_win.cc(99)] thread ID 216 not found in process
[1013/235421.777:ERROR:exception_snapshot_win.cc(99)] thread ID 15492 not found in process
[1102/091623.369:ERROR:directory_reader_win.cc(43)] FindFirstFile: The system cannot find the path specified. (0x3)
[1105/120311.703:ERROR:directory_reader_win.cc(43)] FindFirstFile: The system cannot find the path specified. (0x3)
[1110/115034.087:ERROR:directory_reader_win.cc(43)] FindFirstFile: The system cannot find the path specified. (0x3)
[1124/124645.980:ERROR:directory_reader_win.cc(43)] FindFirstFile: The system cannot find the path specified. (0x3)
[1203/075038.061:ERROR:directory_reader_win.cc(43)] FindFirstFile: The system cannot find the path specified. (0x3)
[1207/231422.269:ERROR:directory_reader_win.cc(43)] FindFirstFile: The system cannot find the path specified. (0x3)
[1226/144009.692:ERROR:crash_report_database_win.cc(455)] unexpected header
[1226/203308.435:ERROR:crash_report_database_win.cc(455)] unexpected header
[1229/211518.157:ERROR:crash_report_database_win.cc(455)] unexpected header
[1229/212518.195:ERROR:crash_report_database_win.cc(455)] unexpected header
[1229/212518.208:ERROR:filesystem_win.cc(129)] GetFileAttributes C:\Users\admin\AppData\Local\Google\Chrome\User Data\Crashpad\attachments\32041157-cb52-472f-a034-8d5d74a10957: The system cannot find the path specified. (0x3)
[1229/212518.227:ERROR:filesystem_win.cc(129)] GetFileAttributes C:\Users\admin\AppData\Local\Google\Chrome\User Data\Crashpad\attachments\5a2ecbf8-5b18-4895-9ddc-0ecb724c0bd7: The system cannot find the path specified. (0x3)
[1229/212518.227:ERROR:filesystem_win.cc(129)] GetFileAttributes C:\Users\admin\AppData\Local\Google\Chrome\User Data\Crashpad\attachments\66c777ca-a9d1-4ace-97c3-f8b06e3e0889: The system cannot find the path specified. (0x3)
[1229/212518.235:ERROR:filesystem_win.cc(129)] GetFileAttributes C:\Users\admin\AppData\Local\Google\Chrome\User Data\Crashpad\attachments\6a2fea33-27fe-4e61-aee7-2c976d1b76b3: The system cannot find the path specified. (0x3)
[1229/212518.236:ERROR:filesystem_win.cc(129)] GetFileAttributes C:\Users\admin\AppData\Local\Google\Chrome\User Data\Crashpad\attachments\6ea9a427-4127-4a37-b9f3-a548d3f15948: The system cannot find the path specified. (0x3)
[1229/212518.252:ERROR:filesystem_win.cc(129)] GetFileAttributes C:\Users\admin\AppData\Local\Google\Chrome\User Data\Crashpad\attachments\79b85b76-16d7-4aea-994b-7da45ea5135a: The system cannot find the path specified. (0x3)
[1229/212518.267:ERROR:filesystem_win.cc(129)] GetFileAttributes C:\Users\admin\AppData\Local\Google\Chrome\User Data\Crashpad\attachments\801b1df0-27ca-4d3b-979f-c28ca69f924c: The system cannot find the path specified. (0x3)
[1229/212518.279:ERROR:filesystem_win.cc(129)] GetFileAttributes C:\Users\admin\AppData\Local\Google\Chrome\User Data\Crashpad\attachments\858a2cdb-4e10-4bfa-b2fc-7c11a5e9b81e: The system cannot find the path specified. (0x3)
[1229/212518.280:ERROR:filesystem_win.cc(129)] GetFileAttributes C:\Users\admin\AppData\Local\Google\Chrome\User Data\Crashpad\attachments\9d3b0019-221c-4007-94a6-e610feeb73d1: The system cannot find the path specified. (0x3)
[1229/212518.281:ERROR:filesystem_win.cc(129)] GetFileAttributes C:\Users\admin\AppData\Local\Google\Chrome\User Data\Crashpad\attachments\ba0274b1-4a54-48af-a017-1620a2f4677d: The system cannot find the path specified. (0x3)
[1229/212518.299:ERROR:filesystem_win.cc(129)] GetFileAttributes C:\Users\admin\AppData\Local\Google\Chrome\User Data\Crashpad\attachments\c822612f-d386-401b-afa4-012dcbf4d7c8: The system cannot find the path specified. (0x3)
[1229/212518.316:ERROR:filesystem_win.cc(129)] GetFileAttributes C:\Users\admin\AppData\Local\Google\Chrome\User Data\Crashpad\attachments\e7c038bc-3159-493b-9ffe-493708f9cfe7: The system cannot find the path specified. (0x3)
[1229/212518.329:ERROR:filesystem_win.cc(129)] GetFileAttributes C:\Users\admin\AppData\Local\Google\Chrome\User Data\Crashpad\attachments\ea3aefe4-1d65-4c21-bc1f-ef9246fb15d5: The system cannot find the path specified. (0x3)
[1229/212518.329:ERROR:filesystem_win.cc(129)] GetFileAttributes C:\Users\admin\AppData\Local\Google\Chrome\User Data\Crashpad\attachments\fd32c76d-a620-4c36-ac57-2e86ad0a8e59: The system cannot find the path specified. (0x3)
[1229/212518.330:ERROR:directory_reader_win.cc(43)] FindFirstFile: The system cannot find the path specified. (0x3)
[1229/212518.330:ERROR:crash_report_database_win.cc(455)] unexpected header
[1229/212518.330:ERROR:crash_report_database_win.cc(455)] unexpected header
[1229/213018.158:ERROR:crash_report_database_win.cc(455)] unexpected header
[1229/214518.160:ERROR:crash_report_database_win.cc(455)] unexpected header
[1229/220018.161:ERROR:crash_report_database_win.cc(455)] unexpected header
[1230/085249.966:ERROR:crash_report_database_win.cc(455)] unexpected header
[1230/090250.003:ERROR:crash_report_database_win.cc(455)] unexpected header
[1230/090250.040:ERROR:directory_reader_win.cc(43)] FindFirstFile: The system cannot find the path specified. (0x3)
[1230/090250.040:ERROR:crash_report_database_win.cc(455)] unexpected header
[1230/090250.040:ERROR:crash_report_database_win.cc(455)] unexpected header
[1230/090749.996:ERROR:crash_report_database_win.cc(455)] unexpected header
[1230/092250.024:ERROR:crash_report_database_win.cc(455)] unexpected header
[1230/093750.066:ERROR:crash_report_database_win.cc(455)] unexpected header
[1230/095250.086:ERROR:crash_report_database_win.cc(455)] unexpected header
[1230/100750.087:ERROR:crash_report_database_win.cc(455)] unexpected header
[1230/102250.087:ERROR:crash_report_database_win.cc(455)] unexpected header
[1230/103750.088:ERROR:crash_report_database_win.cc(455)] unexpected header
[1230/105250.088:ERROR:crash_report_database_win.cc(455)] unexpected header
[1230/110750.089:ERROR:crash_report_database_win.cc(455)] unexpected header
[1230/112250.090:ERROR:crash_report_database_win.cc(455)] unexpected header
[1230/113750.136:ERROR:crash_report_database_win.cc(455)] unexpected header
[1230/115250.169:ERROR:crash_report_database_win.cc(455)] unexpected header
[1230/120750.216:ERROR:crash_report_database_win.cc(455)] unexpected header
[1230/122250.218:ERROR:crash_report_database_win.cc(455)] unexpected header
[1230/123750.220:ERROR:crash_report_database_win.cc(455)] unexpected header
[1230/125250.244:ERROR:crash_report_database_win.cc(455)] unexpected header
[1230/130750.385:ERROR:crash_report_database_win.cc(455)] unexpected header
[1230/132252.228:ERROR:crash_report_database_win.cc(455)] unexpected header
[1230/133753.111:ERROR:crash_report_database_win.cc(455)] unexpected header
[1230/135253.987:ERROR:crash_report_database_win.cc(455)] unexpected header
[1230/140754.141:ERROR:crash_report_database_win.cc(455)] unexpected header
[1230/142254.164:ERROR:crash_report_database_win.cc(455)] unexpected header
[1230/143754.164:ERROR:crash_report_database_win.cc(455)] unexpected header
[1230/145254.166:ERROR:crash_report_database_win.cc(455)] unexpected header
[1230/150754.168:ERROR:crash_report_database_win.cc(455)] unexpected header
[1230/152254.170:ERROR:crash_report_database_win.cc(455)] unexpected header
[1230/153754.170:ERROR:crash_report_database_win.cc(455)] unexpected header
[1230/155254.171:ERROR:crash_report_database_win.cc(455)] unexpected header
[1230/160754.172:ERROR:crash_report_database_win.cc(455)] unexpected header
[1230/162254.257:ERROR:crash_report_database_win.cc(455)] unexpected header
[1230/163754.981:ERROR:crash_report_database_win.cc(455)] unexpected header
[1230/165255.280:ERROR:crash_report_database_win.cc(455)] unexpected header
[1230/170755.332:ERROR:crash_report_database_win.cc(455)] unexpected header
[1230/172255.333:ERROR:crash_report_database_win.cc(455)] unexpected header
[1230/173755.761:ERROR:crash_report_database_win.cc(455)] unexpected header
[1230/175255.816:ERROR:crash_report_database_win.cc(455)] unexpected header
[1230/180755.850:ERROR:crash_report_database_win.cc(455)] unexpected header
[1230/182255.916:ERROR:crash_report_database_win.cc(455)] unexpected header
[1230/183755.948:ERROR:crash_report_database_win.cc(455)] unexpected header
[1230/185255.949:ERROR:crash_report_database_win.cc(455)] unexpected header
[1230/190755.949:ERROR:crash_report_database_win.cc(455)] unexpected header
[1230/192255.950:ERROR:crash_report_database_win.cc(455)] unexpected header
[1230/193755.951:ERROR:crash_report_database_win.cc(455)] unexpected header
[1230/195255.951:ERROR:crash_report_database_win.cc(455)] unexpected header
[1230/234308.065:ERROR:crash_report_database_win.cc(455)] unexpected header
[1230/235808.066:ERROR:crash_report_database_win.cc(455)] unexpected header
[1231/001308.067:ERROR:crash_report_database_win.cc(455)] unexpected header
[1231/002808.067:ERROR:crash_report_database_win.cc(455)] unexpected header
[1231/004308.068:ERROR:crash_report_database_win.cc(455)] unexpected header
[1231/005808.068:ERROR:crash_report_database_win.cc(455)] unexpected header
[1231/011308.069:ERROR:crash_report_database_win.cc(455)] unexpected header
[1231/012808.070:ERROR:crash_report_database_win.cc(455)] unexpected header
[1231/014308.071:ERROR:crash_report_database_win.cc(455)] unexpected header
[1231/015808.071:ERROR:crash_report_database_win.cc(455)] unexpected header
[1231/021308.072:ERROR:crash_report_database_win.cc(455)] unexpected header
[1231/022808.072:ERROR:crash_report_database_win.cc(455)] unexpected header
[1231/024308.073:ERROR:crash_report_database_win.cc(455)] unexpected header
[1231/025808.073:ERROR:crash_report_database_win.cc(455)] unexpected header
[1231/031308.074:ERROR:crash_report_database_win.cc(455)] unexpected header
[1231/032808.074:ERROR:crash_report_database_win.cc(455)] unexpected header
[1231/034308.075:ERROR:crash_report_database_win.cc(455)] unexpected header
[1231/035808.075:ERROR:crash_report_database_win.cc(455)] unexpected header
[1231/041308.077:ERROR:crash_report_database_win.cc(455)] unexpected header
[1231/042808.077:ERROR:crash_report_database_win.cc(455)] unexpected header
[1231/044308.078:ERROR:crash_report_database_win.cc(455)] unexpected header
[1231/045808.081:ERROR:crash_report_database_win.cc(455)] unexpected header
[1231/051308.082:ERROR:crash_report_database_win.cc(455)] unexpected header
[1231/052808.082:ERROR:crash_report_database_win.cc(455)] unexpected header
[1231/054308.083:ERROR:crash_report_database_win.cc(455)] unexpected header
[1231/055808.084:ERROR:crash_report_database_win.cc(455)] unexpected header
[1231/061308.084:ERROR:crash_report_database_win.cc(455)] unexpected header
[1231/062808.085:ERROR:crash_report_database_win.cc(455)] unexpected header
[1231/064308.085:ERROR:crash_report_database_win.cc(455)] unexpected header
[1231/065808.086:ERROR:crash_report_database_win.cc(455)] unexpected header
[1231/071308.086:ERROR:crash_report_database_win.cc(455)] unexpected header
[1231/072808.087:ERROR:crash_report_database_win.cc(455)] unexpected header
[1231/074308.088:ERROR:crash_report_database_win.cc(455)] unexpected header
[1231/075808.088:ERROR:crash_report_database_win.cc(455)] unexpected header
[1231/081308.089:ERROR:crash_report_database_win.cc(455)] unexpected header
[1231/082808.090:ERROR:crash_report_database_win.cc(455)] unexpected header
[1231/084308.091:ERROR:crash_report_database_win.cc(455)] unexpected header
[1231/085808.091:ERROR:crash_report_database_win.cc(455)] unexpected header
[1231/091308.092:ERROR:crash_report_database_win.cc(455)] unexpected header
[1231/092808.092:ERROR:crash_report_database_win.cc(455)] unexpected header
[1231/094308.092:ERROR:crash_report_database_win.cc(455)] unexpected header
[1231/095808.093:ERROR:crash_report_database_win.cc(455)] unexpected header
[1231/101308.093:ERROR:crash_report_database_win.cc(455)] unexpected header
[1231/102808.095:ERROR:crash_report_database_win.cc(455)] unexpected header
[1231/104308.095:ERROR:crash_report_database_win.cc(455)] unexpected header
[1231/105808.096:ERROR:crash_report_database_win.cc(455)] unexpected header
[1231/111308.096:ERROR:crash_report_database_win.cc(455)] unexpected header
[1231/112808.097:ERROR:crash_report_database_win.cc(455)] unexpected header
[1231/114308.097:ERROR:crash_report_database_win.cc(455)] unexpected header
[1231/115808.098:ERROR:crash_report_database_win.cc(455)] unexpected header
[1231/121308.098:ERROR:crash_report_database_win.cc(455)] unexpected header
[1231/122808.098:ERROR:crash_report_database_win.cc(455)] unexpected header
[1231/123802.240:ERROR:crash_report_database_win.cc(455)] unexpected header
[1231/123802.279:ERROR:directory_reader_win.cc(43)] FindFirstFile: The system cannot find the path specified. (0x3)
[1231/123802.320:ERROR:crash_report_database_win.cc(455)] unexpected header
[1231/123802.321:ERROR:crash_report_database_win.cc(455)] unexpected header
[1231/124308.099:ERROR:crash_report_database_win.cc(455)] unexpected header
[1231/125808.099:ERROR:crash_report_database_win.cc(455)] unexpected header
[1231/131308.100:ERROR:crash_report_database_win.cc(455)] unexpected header
[1231/132808.100:ERROR:crash_report_database_win.cc(455)] unexpected header
[1231/134308.101:ERROR:crash_report_database_win.cc(455)] unexpected header
[1231/135808.102:ERROR:crash_report_database_win.cc(455)] unexpected header
[1231/141308.102:ERROR:crash_report_database_win.cc(455)] unexpected header
[1231/142808.103:ERROR:crash_report_database_win.cc(455)] unexpected header
[1231/144308.103:ERROR:crash_report_database_win.cc(455)] unexpected header
[1231/145808.104:ERROR:crash_report_database_win.cc(455)] unexpected header
[1231/151308.104:ERROR:crash_report_database_win.cc(455)] unexpected header
[1231/152808.105:ERROR:crash_report_database_win.cc(455)] unexpected header
[1231/154308.105:ERROR:crash_report_database_win.cc(455)] unexpected header
[1231/155808.106:ERROR:crash_report_database_win.cc(455)] unexpected header
[1231/161308.154:ERROR:crash_report_database_win.cc(455)] unexpected header
[1231/162808.211:ERROR:crash_report_database_win.cc(455)] unexpected header
[1231/164308.212:ERROR:crash_report_database_win.cc(455)] unexpected header
[1231/165808.213:ERROR:crash_report_database_win.cc(455)] unexpected header
[1231/171308.251:ERROR:crash_report_database_win.cc(455)] unexpected header
[1231/172808.279:ERROR:crash_report_database_win.cc(455)] unexpected header
[1231/174308.280:ERROR:crash_report_database_win.cc(455)] unexpected header
[1231/175808.281:ERROR:crash_report_database_win.cc(455)] unexpected header
[1231/181308.281:ERROR:crash_report_database_win.cc(455)] unexpected header
[0101/002431.380:ERROR:crash_report_database_win.cc(455)] unexpected header
[0101/003931.381:ERROR:crash_report_database_win.cc(455)] unexpected header
[0101/005431.382:ERROR:crash_report_database_win.cc(455)] unexpected header
[0101/010931.382:ERROR:crash_report_database_win.cc(455)] unexpected header
[0101/012431.383:ERROR:crash_report_database_win.cc(455)] unexpected header
[0101/013931.384:ERROR:crash_report_database_win.cc(455)] unexpected header
[0101/015431.384:ERROR:crash_report_database_win.cc(455)] unexpected header
[0101/020931.385:ERROR:crash_report_database_win.cc(455)] unexpected header
[0101/022431.385:ERROR:crash_report_database_win.cc(455)] unexpected header
[0101/023931.386:ERROR:crash_report_database_win.cc(455)] unexpected header
[0101/025431.387:ERROR:crash_report_database_win.cc(455)] unexpected header
[0101/030931.387:ERROR:crash_report_database_win.cc(455)] unexpected header
[0101/032431.388:ERROR:crash_report_database_win.cc(455)] unexpected header
[0101/033931.389:ERROR:crash_report_database_win.cc(455)] unexpected header
[0101/035431.389:ERROR:crash_report_database_win.cc(455)] unexpected header
[0101/040931.390:ERROR:crash_report_database_win.cc(455)] unexpected header
[0101/042431.391:ERROR:crash_report_database_win.cc(455)] unexpected header
[0101/043931.391:ERROR:crash_report_database_win.cc(455)] unexpected header
[0101/045431.392:ERROR:crash_report_database_win.cc(455)] unexpected header
[0101/050931.392:ERROR:crash_report_database_win.cc(455)] unexpected header
[0101/052431.393:ERROR:crash_report_database_win.cc(455)] unexpected header
[0101/053931.394:ERROR:crash_report_database_win.cc(455)] unexpected header
[0101/055431.395:ERROR:crash_report_database_win.cc(455)] unexpected header
[0101/060931.396:ERROR:crash_report_database_win.cc(455)] unexpected header
[0101/062431.397:ERROR:crash_report_database_win.cc(455)] unexpected header
[0101/063931.397:ERROR:crash_report_database_win.cc(455)] unexpected header
[0101/065431.398:ERROR:crash_report_database_win.cc(455)] unexpected header
[0101/070931.398:ERROR:crash_report_database_win.cc(455)] unexpected header
[0101/072431.399:ERROR:crash_report_database_win.cc(455)] unexpected header
[0101/073931.400:ERROR:crash_report_database_win.cc(455)] unexpected header
[0101/075431.400:ERROR:crash_report_database_win.cc(455)] unexpected header
[0101/080931.401:ERROR:crash_report_database_win.cc(455)] unexpected header
[0101/082431.402:ERROR:crash_report_database_win.cc(455)] unexpected header
[0101/083931.402:ERROR:crash_report_database_win.cc(455)] unexpected header
[0101/085431.403:ERROR:crash_report_database_win.cc(455)] unexpected header
[0101/090931.403:ERROR:crash_report_database_win.cc(455)] unexpected header
[0101/092431.404:ERROR:crash_report_database_win.cc(455)] unexpected header
[0101/093931.405:ERROR:crash_report_database_win.cc(455)] unexpected header
[0101/095431.405:ERROR:crash_report_database_win.cc(455)] unexpected header
[0101/100931.406:ERROR:crash_report_database_win.cc(455)] unexpected header
[0101/102431.406:ERROR:crash_report_database_win.cc(455)] unexpected header
[0101/103931.407:ERROR:crash_report_database_win.cc(455)] unexpected header
[0101/105431.408:ERROR:crash_report_database_win.cc(455)] unexpected header
[0101/110931.408:ERROR:crash_report_database_win.cc(455)] unexpected header
[0101/112431.409:ERROR:crash_report_database_win.cc(455)] unexpected header
[0101/113931.410:ERROR:crash_report_database_win.cc(455)] unexpected header
[0101/115431.412:ERROR:crash_report_database_win.cc(455)] unexpected header
[0101/120931.414:ERROR:crash_report_database_win.cc(455)] unexpected header
[0101/122431.414:ERROR:crash_report_database_win.cc(455)] unexpected header
[0101/123931.417:ERROR:crash_report_database_win.cc(455)] unexpected header
[0101/125431.417:ERROR:crash_report_database_win.cc(455)] unexpected header
[0101/130931.419:ERROR:crash_report_database_win.cc(455)] unexpected header
[0101/132431.420:ERROR:crash_report_database_win.cc(455)] unexpected header
[0101/133931.422:ERROR:crash_report_database_win.cc(455)] unexpected header
[0101/135431.423:ERROR:crash_report_database_win.cc(455)] unexpected header
[0101/140931.424:ERROR:crash_report_database_win.cc(455)] unexpected header
[0101/142431.426:ERROR:crash_report_database_win.cc(455)] unexpected header
[0101/143931.427:ERROR:crash_report_database_win.cc(455)] unexpected header
[0101/145431.429:ERROR:crash_report_database_win.cc(455)] unexpected header
[0101/150931.430:ERROR:crash_report_database_win.cc(455)] unexpected header
[0101/152431.431:ERROR:crash_report_database_win.cc(455)] unexpected header
[0101/153931.432:ERROR:crash_report_database_win.cc(455)] unexpected header
[0101/155431.434:ERROR:crash_report_database_win.cc(455)] unexpected header
[0101/160931.435:ERROR:crash_report_database_win.cc(455)] unexpected header
[0101/162431.437:ERROR:crash_report_database_win.cc(455)] unexpected header
[0101/163931.438:ERROR:crash_report_database_win.cc(455)] unexpected header
[0101/165431.439:ERROR:crash_report_database_win.cc(455)] unexpected header
[0101/170931.441:ERROR:crash_report_database_win.cc(455)] unexpected header
[0101/172431.442:ERROR:crash_report_database_win.cc(455)] unexpected header
[0101/173931.444:ERROR:crash_report_database_win.cc(455)] unexpected header
[0101/175431.444:ERROR:crash_report_database_win.cc(455)] unexpected header
[0101/180931.446:ERROR:crash_report_database_win.cc(455)] unexpected header
[0101/182431.447:ERROR:crash_report_database_win.cc(455)] unexpected header
[0101/183425.480:ERROR:crash_report_database_win.cc(455)] unexpected header
[0101/183425.486:ERROR:directory_reader_win.cc(43)] FindFirstFile: The system cannot find the path specified. (0x3)
[0101/183425.488:ERROR:crash_report_database_win.cc(455)] unexpected header
[0101/183425.488:ERROR:crash_report_database_win.cc(455)] unexpected header
[0101/183931.449:ERROR:crash_report_database_win.cc(455)] unexpected header
[0101/185431.449:ERROR:crash_report_database_win.cc(455)] unexpected header
[0101/190931.452:ERROR:crash_report_database_win.cc(455)] unexpected header
[0101/192431.452:ERROR:crash_report_database_win.cc(455)] unexpected header
[0101/193931.454:ERROR:crash_report_database_win.cc(455)] unexpected header
[0101/195431.455:ERROR:crash_report_database_win.cc(455)] unexpected header
[0101/200931.458:ERROR:crash_report_database_win.cc(455)] unexpected header
[0101/202431.458:ERROR:crash_report_database_win.cc(455)] unexpected header
[0101/203931.459:ERROR:crash_report_database_win.cc(455)] unexpected header
[0101/205431.460:ERROR:crash_report_database_win.cc(455)] unexpected header
[0101/210931.461:ERROR:crash_report_database_win.cc(455)] unexpected header
[0101/212431.464:ERROR:crash_report_database_win.cc(455)] unexpected header
[0101/213931.466:ERROR:crash_report_database_win.cc(455)] unexpected header
[0101/215431.468:ERROR:crash_report_database_win.cc(455)] unexpected header
[0101/220931.469:ERROR:crash_report_database_win.cc(455)] unexpected header
[0101/222431.471:ERROR:crash_report_database_win.cc(455)] unexpected header
[0101/223931.472:ERROR:crash_report_database_win.cc(455)] unexpected header
[0101/225431.474:ERROR:crash_report_database_win.cc(455)] unexpected header
[0101/230931.474:ERROR:crash_report_database_win.cc(455)] unexpected header
[0104/083250.167:ERROR:crash_report_database_win.cc(455)] unexpected header
[0104/084750.173:ERROR:crash_report_database_win.cc(455)] unexpected header
[0104/090250.173:ERROR:crash_report_database_win.cc(455)] unexpected header
[0104/091750.173:ERROR:crash_report_database_win.cc(455)] unexpected header
[0104/093250.174:ERROR:crash_report_database_win.cc(455)] unexpected header
[0104/094750.176:ERROR:crash_report_database_win.cc(455)] unexpected header
[0104/100250.178:ERROR:crash_report_database_win.cc(455)] unexpected header
[0104/101750.178:ERROR:crash_report_database_win.cc(455)] unexpected header
[0104/103250.179:ERROR:crash_report_database_win.cc(455)] unexpected header
[0104/104750.180:ERROR:crash_report_database_win.cc(455)] unexpected header
[0104/110250.181:ERROR:crash_report_database_win.cc(455)] unexpected header
[0104/111750.183:ERROR:crash_report_database_win.cc(455)] unexpected header
[0104/113250.185:ERROR:crash_report_database_win.cc(455)] unexpected header
[0104/114750.186:ERROR:crash_report_database_win.cc(455)] unexpected header
[0104/120250.189:ERROR:crash_report_database_win.cc(455)] unexpected header
[0104/121750.189:ERROR:crash_report_database_win.cc(455)] unexpected header
[0104/123250.192:ERROR:crash_report_database_win.cc(455)] unexpected header
[0104/124750.192:ERROR:crash_report_database_win.cc(455)] unexpected header
[0104/130250.193:ERROR:crash_report_database_win.cc(455)] unexpected header
[0104/131750.195:ERROR:crash_report_database_win.cc(455)] unexpected header
[0104/133250.196:ERROR:crash_report_database_win.cc(455)] unexpected header
[0104/134750.198:ERROR:crash_report_database_win.cc(455)] unexpected header
[0104/140250.228:ERROR:crash_report_database_win.cc(455)] unexpected header
[0104/141750.231:ERROR:crash_report_database_win.cc(455)] unexpected header
[0104/145007.925:ERROR:crash_report_database_win.cc(455)] unexpected header
[0104/150507.960:ERROR:crash_report_database_win.cc(455)] unexpected header
[0104/152007.960:ERROR:crash_report_database_win.cc(455)] unexpected header
[0104/153507.961:ERROR:crash_report_database_win.cc(455)] unexpected header
[0104/155007.962:ERROR:crash_report_database_win.cc(455)] unexpected header
[0104/160507.962:ERROR:crash_report_database_win.cc(455)] unexpected header
[0104/162007.963:ERROR:crash_report_database_win.cc(455)] unexpected header
[0104/163507.964:ERROR:crash_report_database_win.cc(455)] unexpected header
[0104/165007.966:ERROR:crash_report_database_win.cc(455)] unexpected header
[0104/170507.967:ERROR:crash_report_database_win.cc(455)] unexpected header
[0104/172007.968:ERROR:crash_report_database_win.cc(455)] unexpected header
[0104/173507.968:ERROR:crash_report_database_win.cc(455)] unexpected header
[0104/175007.970:ERROR:crash_report_database_win.cc(455)] unexpected header
[0104/180507.970:ERROR:crash_report_database_win.cc(455)] unexpected header
[0104/182007.972:ERROR:crash_report_database_win.cc(455)] unexpected header
[0104/183956.385:ERROR:crash_report_database_win.cc(455)] unexpected header
[0104/185456.386:ERROR:crash_report_database_win.cc(455)] unexpected header
[0104/190956.388:ERROR:crash_report_database_win.cc(455)] unexpected header
[0104/192456.390:ERROR:crash_report_database_win.cc(455)] unexpected header
[0104/193956.391:ERROR:crash_report_database_win.cc(455)] unexpected header
[0104/195456.393:ERROR:crash_report_database_win.cc(455)] unexpected header
[0104/200956.395:ERROR:crash_report_database_win.cc(455)] unexpected header
[0104/202456.396:ERROR:crash_report_database_win.cc(455)] unexpected header
[0104/203956.396:ERROR:crash_report_database_win.cc(455)] unexpected header
[0104/205456.398:ERROR:crash_report_database_win.cc(455)] unexpected header
[0104/210956.399:ERROR:crash_report_database_win.cc(455)] unexpected header
[0104/212456.401:ERROR:crash_report_database_win.cc(455)] unexpected header
[0104/213956.402:ERROR:crash_report_database_win.cc(455)] unexpected header
[0104/215456.404:ERROR:crash_report_database_win.cc(455)] unexpected header
[0104/220956.404:ERROR:crash_report_database_win.cc(455)] unexpected header
[0104/222456.405:ERROR:crash_report_database_win.cc(455)] unexpected header
[0104/223956.406:ERROR:crash_report_database_win.cc(455)] unexpected header
[0104/225456.408:ERROR:crash_report_database_win.cc(455)] unexpected header
[0104/230956.439:ERROR:crash_report_database_win.cc(455)] unexpected header
[0104/232456.440:ERROR:crash_report_database_win.cc(455)] unexpected header
[0104/233956.441:ERROR:crash_report_database_win.cc(455)] unexpected header
[0104/235456.443:ERROR:crash_report_database_win.cc(455)] unexpected header
[0105/000956.443:ERROR:crash_report_database_win.cc(455)] unexpected header
[0105/002456.445:ERROR:crash_report_database_win.cc(455)] unexpected header
[0105/003956.446:ERROR:crash_report_database_win.cc(455)] unexpected header
[0105/005456.446:ERROR:crash_report_database_win.cc(455)] unexpected header
[0105/065832.925:ERROR:crash_report_database_win.cc(455)] unexpected header
[0105/071332.965:ERROR:crash_report_database_win.cc(455)] unexpected header
[0105/072832.971:ERROR:crash_report_database_win.cc(455)] unexpected header
[0105/074333.016:ERROR:crash_report_database_win.cc(455)] unexpected header
[0105/075833.071:ERROR:crash_report_database_win.cc(455)] unexpected header
[0105/081333.354:ERROR:crash_report_database_win.cc(455)] unexpected header
[0105/082833.356:ERROR:crash_report_database_win.cc(455)] unexpected header
[0105/084333.357:ERROR:crash_report_database_win.cc(455)] unexpected header
[0105/085833.358:ERROR:crash_report_database_win.cc(455)] unexpected header
[0105/091333.360:ERROR:crash_report_database_win.cc(455)] unexpected header
[0105/092833.362:ERROR:crash_report_database_win.cc(455)] unexpected header
[0105/094333.363:ERROR:crash_report_database_win.cc(455)] unexpected header
[0105/095326.805:ERROR:crash_report_database_win.cc(455)] unexpected header
[0105/095326.834:ERROR:directory_reader_win.cc(43)] FindFirstFile: The system cannot find the path specified. (0x3)
[0105/095326.866:ERROR:crash_report_database_win.cc(455)] unexpected header
[0105/095326.866:ERROR:crash_report_database_win.cc(455)] unexpected header
[0105/095833.365:ERROR:crash_report_database_win.cc(455)] unexpected header
[0105/101333.365:ERROR:crash_report_database_win.cc(455)] unexpected header
[0105/102833.368:ERROR:crash_report_database_win.cc(455)] unexpected header
[0105/104333.370:ERROR:crash_report_database_win.cc(455)] unexpected header
[0105/105833.371:ERROR:crash_report_database_win.cc(455)] unexpected header
[0105/111333.373:ERROR:crash_report_database_win.cc(455)] unexpected header
[0105/112833.374:ERROR:crash_report_database_win.cc(455)] unexpected header
[0105/114333.376:ERROR:crash_report_database_win.cc(455)] unexpected header
[0105/115833.377:ERROR:crash_report_database_win.cc(455)] unexpected header
[0105/121333.378:ERROR:crash_report_database_win.cc(455)] unexpected header
[0105/122833.379:ERROR:crash_report_database_win.cc(455)] unexpected header
[0105/124333.379:ERROR:crash_report_database_win.cc(455)] unexpected header
[0105/125833.379:ERROR:crash_report_database_win.cc(455)] unexpected header
[0105/131333.380:ERROR:crash_report_database_win.cc(455)] unexpected header
[0105/145356.676:ERROR:crash_report_database_win.cc(455)] unexpected header
[0105/150856.713:ERROR:crash_report_database_win.cc(455)] unexpected header
[0105/152356.713:ERROR:crash_report_database_win.cc(455)] unexpected header
[0105/153856.743:ERROR:crash_report_database_win.cc(455)] unexpected header
[0105/155356.743:ERROR:crash_report_database_win.cc(455)] unexpected header
[0105/160856.744:ERROR:crash_report_database_win.cc(455)] unexpected header
[0105/162356.744:ERROR:crash_report_database_win.cc(455)] unexpected header
[0105/163856.745:ERROR:crash_report_database_win.cc(455)] unexpected header
[0105/165356.745:ERROR:crash_report_database_win.cc(455)] unexpected header
[0105/170856.745:ERROR:crash_report_database_win.cc(455)] unexpected header
[0105/172356.746:ERROR:crash_report_database_win.cc(455)] unexpected header
[0105/173856.746:ERROR:crash_report_database_win.cc(455)] unexpected header
[0105/175356.747:ERROR:crash_report_database_win.cc(455)] unexpected header
[0105/180856.749:ERROR:crash_report_database_win.cc(455)] unexpected header
[0105/182356.750:ERROR:crash_report_database_win.cc(455)] unexpected header
[0105/183856.751:ERROR:crash_report_database_win.cc(455)] unexpected header
[0105/185356.753:ERROR:crash_report_database_win.cc(455)] unexpected header
[0105/190856.754:ERROR:crash_report_database_win.cc(455)] unexpected header
[0105/192356.754:ERROR:crash_report_database_win.cc(455)] unexpected header
[0105/193856.756:ERROR:crash_report_database_win.cc(455)] unexpected header
[0105/195356.758:ERROR:crash_report_database_win.cc(455)] unexpected header
[0105/200856.760:ERROR:crash_report_database_win.cc(455)] unexpected header
[0105/202356.761:ERROR:crash_report_database_win.cc(455)] unexpected header
[0105/203856.762:ERROR:crash_report_database_win.cc(455)] unexpected header
[0105/205356.764:ERROR:crash_report_database_win.cc(455)] unexpected header
[0105/210856.765:ERROR:crash_report_database_win.cc(455)] unexpected header
[0105/212356.766:ERROR:crash_report_database_win.cc(455)] unexpected header
[0105/213856.768:ERROR:crash_report_database_win.cc(455)] unexpected header
[0105/215356.770:ERROR:crash_report_database_win.cc(455)] unexpected header
[0105/220856.771:ERROR:crash_report_database_win.cc(455)] unexpected header
[0105/222356.772:ERROR:crash_report_database_win.cc(455)] unexpected header
[0105/223856.773:ERROR:crash_report_database_win.cc(455)] unexpected header
[0105/225356.776:ERROR:crash_report_database_win.cc(455)] unexpected header
[0105/230856.777:ERROR:crash_report_database_win.cc(455)] unexpected header
[0105/232356.779:ERROR:crash_report_database_win.cc(455)] unexpected header
[0105/233856.780:ERROR:crash_report_database_win.cc(455)] unexpected header
[0105/235356.780:ERROR:crash_report_database_win.cc(455)] unexpected header
[0106/000856.782:ERROR:crash_report_database_win.cc(455)] unexpected header
[0106/002356.784:ERROR:crash_report_database_win.cc(455)] unexpected header
[0106/003856.785:ERROR:crash_report_database_win.cc(455)] unexpected header
[0106/005356.786:ERROR:crash_report_database_win.cc(455)] unexpected header
[0106/010856.788:ERROR:crash_report_database_win.cc(455)] unexpected header
[0106/012356.788:ERROR:crash_report_database_win.cc(455)] unexpected header
[0106/013856.789:ERROR:crash_report_database_win.cc(455)] unexpected header
[0106/015356.789:ERROR:crash_report_database_win.cc(455)] unexpected header
[0106/020856.790:ERROR:crash_report_database_win.cc(455)] unexpected header
[0106/022356.791:ERROR:crash_report_database_win.cc(455)] unexpected header
[0106/023856.791:ERROR:crash_report_database_win.cc(455)] unexpected header
[0106/025356.792:ERROR:crash_report_database_win.cc(455)] unexpected header
[0106/030856.792:ERROR:crash_report_database_win.cc(455)] unexpected header
[0106/032356.793:ERROR:crash_report_database_win.cc(455)] unexpected header
[0106/104006.730:ERROR:crash_report_database_win.cc(455)] unexpected header
[0106/105506.800:ERROR:crash_report_database_win.cc(455)] unexpected header
[0106/111006.800:ERROR:crash_report_database_win.cc(455)] unexpected header
[0106/112506.801:ERROR:crash_report_database_win.cc(455)] unexpected header
[0106/114006.802:ERROR:crash_report_database_win.cc(455)] unexpected header
[0106/115506.803:ERROR:crash_report_database_win.cc(455)] unexpected header
[0106/121006.952:ERROR:crash_report_database_win.cc(455)] unexpected header
[0106/122507.090:ERROR:crash_report_database_win.cc(455)] unexpected header
[0106/124007.403:ERROR:crash_report_database_win.cc(455)] unexpected header
[0106/125507.472:ERROR:crash_report_database_win.cc(455)] unexpected header
[0106/131007.472:ERROR:crash_report_database_win.cc(455)] unexpected header
[0106/132507.472:ERROR:crash_report_database_win.cc(455)] unexpected header
[0106/134007.568:ERROR:crash_report_database_win.cc(455)] unexpected header
[0106/135507.698:ERROR:crash_report_database_win.cc(455)] unexpected header
[0106/141007.727:ERROR:crash_report_database_win.cc(455)] unexpected header
[0106/142507.727:ERROR:crash_report_database_win.cc(455)] unexpected header
[0106/144008.750:ERROR:crash_report_database_win.cc(455)] unexpected header
[0106/145509.068:ERROR:crash_report_database_win.cc(455)] unexpected header
[0106/151009.100:ERROR:crash_report_database_win.cc(455)] unexpected header
[0106/152509.101:ERROR:crash_report_database_win.cc(455)] unexpected header
[0106/154009.102:ERROR:crash_report_database_win.cc(455)] unexpected header
[0106/155509.103:ERROR:crash_report_database_win.cc(455)] unexpected header
[0106/161009.104:ERROR:crash_report_database_win.cc(455)] unexpected header
[0106/162509.105:ERROR:crash_report_database_win.cc(455)] unexpected header
[0106/164009.105:ERROR:crash_report_database_win.cc(455)] unexpected header
[0106/165509.491:ERROR:crash_report_database_win.cc(455)] unexpected header
[0106/171009.878:ERROR:crash_report_database_win.cc(455)] unexpected header
[0106/172509.923:ERROR:crash_report_database_win.cc(455)] unexpected header
[0106/174010.060:ERROR:crash_report_database_win.cc(455)] unexpected header
[0106/175510.086:ERROR:crash_report_database_win.cc(455)] unexpected header
[0106/181010.087:ERROR:crash_report_database_win.cc(455)] unexpected header
[0106/182000.136:ERROR:crash_report_database_win.cc(455)] unexpected header
[0106/182000.165:ERROR:directory_reader_win.cc(43)] FindFirstFile: The system cannot find the path specified. (0x3)
[0106/182000.189:ERROR:crash_report_database_win.cc(455)] unexpected header
[0106/182000.189:ERROR:crash_report_database_win.cc(455)] unexpected header
[0106/182510.088:ERROR:crash_report_database_win.cc(455)] unexpected header
[0106/184010.088:ERROR:crash_report_database_win.cc(455)] unexpected header
[0106/185510.089:ERROR:crash_report_database_win.cc(455)] unexpected header
[0106/191010.089:ERROR:crash_report_database_win.cc(455)] unexpected header
[0106/192510.090:ERROR:crash_report_database_win.cc(455)] unexpected header
[0106/194010.091:ERROR:crash_report_database_win.cc(455)] unexpected header
[0106/195510.092:ERROR:crash_report_database_win.cc(455)] unexpected header
[0106/201010.094:ERROR:crash_report_database_win.cc(455)] unexpected header
[0106/202510.096:ERROR:crash_report_database_win.cc(455)] unexpected header
[0106/204010.096:ERROR:crash_report_database_win.cc(455)] unexpected header
[0106/205510.097:ERROR:crash_report_database_win.cc(455)] unexpected header
[0106/211010.097:ERROR:crash_report_database_win.cc(455)] unexpected header
[0106/220022.494:ERROR:crash_report_database_win.cc(455)] unexpected header
[0106/221522.512:ERROR:crash_report_database_win.cc(455)] unexpected header
[0106/223022.515:ERROR:crash_report_database_win.cc(455)] unexpected header
[0106/224522.517:ERROR:crash_report_database_win.cc(455)] unexpected header
[0106/230022.518:ERROR:crash_report_database_win.cc(455)] unexpected header
[0106/231522.520:ERROR:crash_report_database_win.cc(455)] unexpected header
[0106/233022.521:ERROR:crash_report_database_win.cc(455)] unexpected header
[0106/234522.523:ERROR:crash_report_database_win.cc(455)] unexpected header
[0107/000022.523:ERROR:crash_report_database_win.cc(455)] unexpected header
[0107/001522.526:ERROR:crash_report_database_win.cc(455)] unexpected header
[0107/003022.527:ERROR:crash_report_database_win.cc(455)] unexpected header
[0107/004522.529:ERROR:crash_report_database_win.cc(455)] unexpected header
[0107/010022.530:ERROR:crash_report_database_win.cc(455)] unexpected header
[0107/011522.532:ERROR:crash_report_database_win.cc(455)] unexpected header
[0107/013022.533:ERROR:crash_report_database_win.cc(455)] unexpected header
[0107/014522.535:ERROR:crash_report_database_win.cc(455)] unexpected header
[0107/020022.536:ERROR:crash_report_database_win.cc(455)] unexpected header
[0107/021522.538:ERROR:crash_report_database_win.cc(455)] unexpected header
[0107/023022.541:ERROR:crash_report_database_win.cc(455)] unexpected header
[0107/024522.542:ERROR:crash_report_database_win.cc(455)] unexpected header
[0107/052005.048:ERROR:crash_report_database_win.cc(455)] unexpected header
[0107/053505.083:ERROR:crash_report_database_win.cc(455)] unexpected header
[0107/055005.084:ERROR:crash_report_database_win.cc(455)] unexpected header
[0107/060505.977:ERROR:crash_report_database_win.cc(455)] unexpected header
[0115/072927.893:ERROR:crash_report_database_win.cc(455)] unexpected header
[0115/220437.842:ERROR:crash_report_database_win.cc(455)] unexpected header
[0120/110625.782:ERROR:crash_report_database_win.cc(455)] unexpected header
[0120/111625.825:ERROR:crash_report_database_win.cc(455)] unexpected header
[0120/111625.826:ERROR:directory_reader_win.cc(43)] FindFirstFile: The system cannot find the path specified. (0x3)
[0120/111625.826:ERROR:crash_report_database_win.cc(455)] unexpected header
[0120/111625.827:ERROR:crash_report_database_win.cc(455)] unexpected header
[0120/112125.875:ERROR:crash_report_database_win.cc(455)] unexpected header
[0120/113625.876:ERROR:crash_report_database_win.cc(455)] unexpected header
[0120/115125.921:ERROR:crash_report_database_win.cc(455)] unexpected header
[0120/120625.923:ERROR:crash_report_database_win.cc(455)] unexpected header
[0120/122125.923:ERROR:crash_report_database_win.cc(455)] unexpected header
[0120/123625.926:ERROR:crash_report_database_win.cc(455)] unexpected header
[0120/125125.926:ERROR:crash_report_database_win.cc(455)] unexpected header
[0120/130625.927:ERROR:crash_report_database_win.cc(455)] unexpected header
[0120/132125.929:ERROR:crash_report_database_win.cc(455)] unexpected header
[0120/133625.930:ERROR:crash_report_database_win.cc(455)] unexpected header
[0120/135125.930:ERROR:crash_report_database_win.cc(455)] unexpected header
[0120/140625.932:ERROR:crash_report_database_win.cc(455)] unexpected header
[0120/142125.934:ERROR:crash_report_database_win.cc(455)] unexpected header
[0120/143625.960:ERROR:crash_report_database_win.cc(455)] unexpected header
[0120/145125.962:ERROR:crash_report_database_win.cc(455)] unexpected header
[0120/150625.963:ERROR:crash_report_database_win.cc(455)] unexpected header
[0120/152125.964:ERROR:crash_report_database_win.cc(455)] unexpected header
[0120/153625.965:ERROR:crash_report_database_win.cc(455)] unexpected header
[0120/155125.993:ERROR:crash_report_database_win.cc(455)] unexpected header
[0120/160625.994:ERROR:crash_report_database_win.cc(455)] unexpected header
[0120/162125.996:ERROR:crash_report_database_win.cc(455)] unexpected header
[0120/163626.048:ERROR:crash_report_database_win.cc(455)] unexpected header
[0120/165126.048:ERROR:crash_report_database_win.cc(455)] unexpected header
[0120/170626.049:ERROR:crash_report_database_win.cc(455)] unexpected header
[0120/172126.049:ERROR:crash_report_database_win.cc(455)] unexpected header
[0120/173626.049:ERROR:crash_report_database_win.cc(455)] unexpected header
[0120/175126.050:ERROR:crash_report_database_win.cc(455)] unexpected header
[0120/180626.051:ERROR:crash_report_database_win.cc(455)] unexpected header
[0120/182126.051:ERROR:crash_report_database_win.cc(455)] unexpected header
[0120/183626.052:ERROR:crash_report_database_win.cc(455)] unexpected header
[0120/185126.053:ERROR:crash_report_database_win.cc(455)] unexpected header
[0120/190626.053:ERROR:crash_report_database_win.cc(455)] unexpected header
[0120/192126.054:ERROR:crash_report_database_win.cc(455)] unexpected header
[0120/193626.055:ERROR:crash_report_database_win.cc(455)] unexpected header
[0120/195126.055:ERROR:crash_report_database_win.cc(455)] unexpected header
[0120/200626.287:ERROR:crash_report_database_win.cc(455)] unexpected header
[0120/202126.742:ERROR:crash_report_database_win.cc(455)] unexpected header
[0120/203626.746:ERROR:crash_report_database_win.cc(455)] unexpected header
[0120/205126.747:ERROR:crash_report_database_win.cc(455)] unexpected header
[0120/210626.748:ERROR:crash_report_database_win.cc(455)] unexpected header
[0120/212126.748:ERROR:crash_report_database_win.cc(455)] unexpected header
[0120/213626.749:ERROR:crash_report_database_win.cc(455)] unexpected header
[0120/215126.749:ERROR:crash_report_database_win.cc(455)] unexpected header
[0120/220626.750:ERROR:crash_report_database_win.cc(455)] unexpected header
[0120/222126.751:ERROR:crash_report_database_win.cc(455)] unexpected header
[0120/223626.751:ERROR:crash_report_database_win.cc(455)] unexpected header
[0120/225126.752:ERROR:crash_report_database_win.cc(455)] unexpected header
[0120/230626.753:ERROR:crash_report_database_win.cc(455)] unexpected header
[0120/232126.753:ERROR:crash_report_database_win.cc(455)] unexpected header
[0120/233626.754:ERROR:crash_report_database_win.cc(455)] unexpected header
[0120/235126.754:ERROR:crash_report_database_win.cc(455)] unexpected header
[0121/000626.755:ERROR:crash_report_database_win.cc(455)] unexpected header
[0121/002126.755:ERROR:crash_report_database_win.cc(455)] unexpected header
[0121/003626.756:ERROR:crash_report_database_win.cc(455)] unexpected header
[0121/005126.783:ERROR:crash_report_database_win.cc(455)] unexpected header
[0121/010626.784:ERROR:crash_report_database_win.cc(455)] unexpected header
[0121/012126.784:ERROR:crash_report_database_win.cc(455)] unexpected header
[0121/013626.784:ERROR:crash_report_database_win.cc(455)] unexpected header
[0121/015128.307:ERROR:crash_report_database_win.cc(455)] unexpected header
[0121/020628.308:ERROR:crash_report_database_win.cc(455)] unexpected header
[0121/022128.309:ERROR:crash_report_database_win.cc(455)] unexpected header
[0121/023628.309:ERROR:crash_report_database_win.cc(455)] unexpected header
[0121/025128.310:ERROR:crash_report_database_win.cc(455)] unexpected header
[0121/030628.311:ERROR:crash_report_database_win.cc(455)] unexpected header
[0121/032128.311:ERROR:crash_report_database_win.cc(455)] unexpected header
[0121/033628.312:ERROR:crash_report_database_win.cc(455)] unexpected header
[0121/035128.312:ERROR:crash_report_database_win.cc(455)] unexpected header
[0121/040628.313:ERROR:crash_report_database_win.cc(455)] unexpected header
[0121/042128.313:ERROR:crash_report_database_win.cc(455)] unexpected header
[0121/043628.314:ERROR:crash_report_database_win.cc(455)] unexpected header
[0121/045128.314:ERROR:crash_report_database_win.cc(455)] unexpected header
[0121/050628.315:ERROR:crash_report_database_win.cc(455)] unexpected header
[0121/052128.316:ERROR:crash_report_database_win.cc(455)] unexpected header
[0121/053628.316:ERROR:crash_report_database_win.cc(455)] unexpected header
[0121/055128.317:ERROR:crash_report_database_win.cc(455)] unexpected header
[0121/060628.318:ERROR:crash_report_database_win.cc(455)] unexpected header
[0121/062128.318:ERROR:crash_report_database_win.cc(455)] unexpected header
[0121/063628.319:ERROR:crash_report_database_win.cc(455)] unexpected header
[0121/065128.320:ERROR:crash_report_database_win.cc(455)] unexpected header
[0121/070628.320:ERROR:crash_report_database_win.cc(455)] unexpected header
[0121/072128.321:ERROR:crash_report_database_win.cc(455)] unexpected header
[0121/073628.321:ERROR:crash_report_database_win.cc(455)] unexpected header
[0121/075128.322:ERROR:crash_report_database_win.cc(455)] unexpected header
[0121/080628.323:ERROR:crash_report_database_win.cc(455)] unexpected header
[0121/082128.323:ERROR:crash_report_database_win.cc(455)] unexpected header
[0121/083628.324:ERROR:crash_report_database_win.cc(455)] unexpected header
[0121/085128.325:ERROR:crash_report_database_win.cc(455)] unexpected header
[0121/090628.325:ERROR:crash_report_database_win.cc(455)] unexpected header
[0121/092128.326:ERROR:crash_report_database_win.cc(455)] unexpected header
[0121/093628.326:ERROR:crash_report_database_win.cc(455)] unexpected header
[0121/095128.327:ERROR:crash_report_database_win.cc(455)] unexpected header
[0121/100628.328:ERROR:crash_report_database_win.cc(455)] unexpected header
[0121/102128.328:ERROR:crash_report_database_win.cc(455)] unexpected header
[0121/103628.359:ERROR:crash_report_database_win.cc(455)] unexpected header
[0121/105128.360:ERROR:crash_report_database_win.cc(455)] unexpected header
[0121/110628.370:ERROR:crash_report_database_win.cc(455)] unexpected header
[0121/111627.500:ERROR:crash_report_database_win.cc(455)] unexpected header
[0121/111627.580:ERROR:directory_reader_win.cc(43)] FindFirstFile: The system cannot find the path specified. (0x3)
[0121/111627.606:ERROR:crash_report_database_win.cc(455)] unexpected header
[0121/111627.607:ERROR:crash_report_database_win.cc(455)] unexpected header
[0121/112128.431:ERROR:crash_report_database_win.cc(455)] unexpected header
[0121/113628.431:ERROR:crash_report_database_win.cc(455)] unexpected header
[0121/115128.432:ERROR:crash_report_database_win.cc(455)] unexpected header
[0121/120628.432:ERROR:crash_report_database_win.cc(455)] unexpected header
[0121/122128.433:ERROR:crash_report_database_win.cc(455)] unexpected header
[0121/123628.434:ERROR:crash_report_database_win.cc(455)] unexpected header
[0121/125128.434:ERROR:crash_report_database_win.cc(455)] unexpected header
[0121/130628.435:ERROR:crash_report_database_win.cc(455)] unexpected header
[0121/132128.435:ERROR:crash_report_database_win.cc(455)] unexpected header
[0121/133628.436:ERROR:crash_report_database_win.cc(455)] unexpected header
[0121/135128.436:ERROR:crash_report_database_win.cc(455)] unexpected header
[0121/140628.437:ERROR:crash_report_database_win.cc(455)] unexpected header
[0121/142128.437:ERROR:crash_report_database_win.cc(455)] unexpected header
[0121/143628.438:ERROR:crash_report_database_win.cc(455)] unexpected header
[0121/145128.439:ERROR:crash_report_database_win.cc(455)] unexpected header
[0121/150628.439:ERROR:crash_report_database_win.cc(455)] unexpected header
[0121/152128.440:ERROR:crash_report_database_win.cc(455)] unexpected header
[0121/153628.441:ERROR:crash_report_database_win.cc(455)] unexpected header
[0121/155128.441:ERROR:crash_report_database_win.cc(455)] unexpected header
[0121/160628.441:ERROR:crash_report_database_win.cc(455)] unexpected header
[0121/162128.443:ERROR:crash_report_database_win.cc(455)] unexpected header
[0121/163628.443:ERROR:crash_report_database_win.cc(455)] unexpected header
[0121/165129.461:ERROR:crash_report_database_win.cc(455)] unexpected header
[0121/170629.867:ERROR:crash_report_database_win.cc(455)] unexpected header
[0121/172129.869:ERROR:crash_report_database_win.cc(455)] unexpected header
[0121/173629.871:ERROR:crash_report_database_win.cc(455)] unexpected header
[0121/175129.872:ERROR:crash_report_database_win.cc(455)] unexpected header
[0121/180629.874:ERROR:crash_report_database_win.cc(455)] unexpected header
[0121/182129.875:ERROR:crash_report_database_win.cc(455)] unexpected header
[0121/183629.876:ERROR:crash_report_database_win.cc(455)] unexpected header
[0121/185129.878:ERROR:crash_report_database_win.cc(455)] unexpected header
[0121/190629.878:ERROR:crash_report_database_win.cc(455)] unexpected header
[0121/192129.878:ERROR:crash_report_database_win.cc(455)] unexpected header
[0121/193629.879:ERROR:crash_report_database_win.cc(455)] unexpected header
[0121/195129.881:ERROR:crash_report_database_win.cc(455)] unexpected header
[0121/200629.959:ERROR:crash_report_database_win.cc(455)] unexpected header
[0121/202129.981:ERROR:crash_report_database_win.cc(455)] unexpected header
[0121/203629.983:ERROR:crash_report_database_win.cc(455)] unexpected header
[0121/205129.984:ERROR:crash_report_database_win.cc(455)] unexpected header
[0121/210629.986:ERROR:crash_report_database_win.cc(455)] unexpected header
[0121/212129.987:ERROR:crash_report_database_win.cc(455)] unexpected header
[0121/213629.988:ERROR:crash_report_database_win.cc(455)] unexpected header
[0121/215129.990:ERROR:crash_report_database_win.cc(455)] unexpected header
[0121/220629.992:ERROR:crash_report_database_win.cc(455)] unexpected header
[0121/222129.993:ERROR:crash_report_database_win.cc(455)] unexpected header
[0121/223629.995:ERROR:crash_report_database_win.cc(455)] unexpected header
[0121/225129.996:ERROR:crash_report_database_win.cc(455)] unexpected header
[0121/230629.998:ERROR:crash_report_database_win.cc(455)] unexpected header
[0121/232130.000:ERROR:crash_report_database_win.cc(455)] unexpected header
[0121/233630.000:ERROR:crash_report_database_win.cc(455)] unexpected header
[0121/235130.002:ERROR:crash_report_database_win.cc(455)] unexpected header
[0122/000630.023:ERROR:crash_report_database_win.cc(455)] unexpected header
[0122/002130.126:ERROR:crash_report_database_win.cc(455)] unexpected header
[0122/003630.245:ERROR:crash_report_database_win.cc(455)] unexpected header
[0122/005130.258:ERROR:crash_report_database_win.cc(455)] unexpected header
[0122/010630.259:ERROR:crash_report_database_win.cc(455)] unexpected header
[0122/012130.260:ERROR:crash_report_database_win.cc(455)] unexpected header
[0122/013630.262:ERROR:crash_report_database_win.cc(455)] unexpected header
[0122/015130.263:ERROR:crash_report_database_win.cc(455)] unexpected header
[0122/020630.264:ERROR:crash_report_database_win.cc(455)] unexpected header
[0122/022130.265:ERROR:crash_report_database_win.cc(455)] unexpected header
[0122/023630.266:ERROR:crash_report_database_win.cc(455)] unexpected header
[0122/025130.267:ERROR:crash_report_database_win.cc(455)] unexpected header
[0122/030630.267:ERROR:crash_report_database_win.cc(455)] unexpected header
[0122/032130.269:ERROR:crash_report_database_win.cc(455)] unexpected header
[0122/033630.270:ERROR:crash_report_database_win.cc(455)] unexpected header
[0122/035130.272:ERROR:crash_report_database_win.cc(455)] unexpected header
[0122/040630.273:ERROR:crash_report_database_win.cc(455)] unexpected header
[0122/042130.275:ERROR:crash_report_database_win.cc(455)] unexpected header
[0122/043630.275:ERROR:crash_report_database_win.cc(455)] unexpected header
[0122/045130.277:ERROR:crash_report_database_win.cc(455)] unexpected header
[0122/050630.279:ERROR:crash_report_database_win.cc(455)] unexpected header
[0122/052130.281:ERROR:crash_report_database_win.cc(455)] unexpected header
[0122/053708.735:ERROR:crash_report_database_win.cc(455)] unexpected header
[0122/055208.791:ERROR:crash_report_database_win.cc(455)] unexpected header
[0122/060708.791:ERROR:crash_report_database_win.cc(455)] unexpected header
[0122/062208.792:ERROR:crash_report_database_win.cc(455)] unexpected header
[0122/063708.793:ERROR:crash_report_database_win.cc(455)] unexpected header
[0122/065208.817:ERROR:crash_report_database_win.cc(455)] unexpected header
[0122/070708.830:ERROR:crash_report_database_win.cc(455)] unexpected header
[0122/072208.830:ERROR:crash_report_database_win.cc(455)] unexpected header
[0122/073708.831:ERROR:crash_report_database_win.cc(455)] unexpected header
[0122/075208.914:ERROR:crash_report_database_win.cc(455)] unexpected header
[0122/080708.943:ERROR:crash_report_database_win.cc(455)] unexpected header
[0122/082208.944:ERROR:crash_report_database_win.cc(455)] unexpected header
[0122/083708.944:ERROR:crash_report_database_win.cc(455)] unexpected header
[0122/085208.945:ERROR:crash_report_database_win.cc(455)] unexpected header
[0122/090708.946:ERROR:crash_report_database_win.cc(455)] unexpected header
[0122/092208.946:ERROR:crash_report_database_win.cc(455)] unexpected header
[0122/093708.947:ERROR:crash_report_database_win.cc(455)] unexpected header
[0122/095208.947:ERROR:crash_report_database_win.cc(455)] unexpected header
[0122/100708.949:ERROR:crash_report_database_win.cc(455)] unexpected header
[0122/102209.058:ERROR:crash_report_database_win.cc(455)] unexpected header
[0122/103709.092:ERROR:crash_report_database_win.cc(455)] unexpected header
[0122/105209.177:ERROR:crash_report_database_win.cc(455)] unexpected header
[0122/110709.270:ERROR:crash_report_database_win.cc(455)] unexpected header
[0122/111706.169:ERROR:crash_report_database_win.cc(455)] unexpected header
[0122/111706.231:ERROR:directory_reader_win.cc(43)] FindFirstFile: The system cannot find the path specified. (0x3)
[0122/111706.283:ERROR:crash_report_database_win.cc(455)] unexpected header
[0122/111706.283:ERROR:crash_report_database_win.cc(455)] unexpected header
[0122/112209.327:ERROR:crash_report_database_win.cc(455)] unexpected header
[0122/113709.328:ERROR:crash_report_database_win.cc(455)] unexpected header
[0122/115209.329:ERROR:crash_report_database_win.cc(455)] unexpected header
[0122/120709.329:ERROR:crash_report_database_win.cc(455)] unexpected header
[0122/122209.330:ERROR:crash_report_database_win.cc(455)] unexpected header
[0122/123709.331:ERROR:crash_report_database_win.cc(455)] unexpected header
[0122/125209.331:ERROR:crash_report_database_win.cc(455)] unexpected header
[0122/130709.332:ERROR:crash_report_database_win.cc(455)] unexpected header
[0122/132209.332:ERROR:crash_report_database_win.cc(455)] unexpected header
[0122/133709.334:ERROR:crash_report_database_win.cc(455)] unexpected header
[0122/135209.334:ERROR:crash_report_database_win.cc(455)] unexpected header
[0122/140709.335:ERROR:crash_report_database_win.cc(455)] unexpected header
[0122/142209.336:ERROR:crash_report_database_win.cc(455)] unexpected header
[0122/143709.370:ERROR:crash_report_database_win.cc(455)] unexpected header
[0122/145209.371:ERROR:crash_report_database_win.cc(455)] unexpected header
[0122/150709.372:ERROR:crash_report_database_win.cc(455)] unexpected header
[0122/152209.372:ERROR:crash_report_database_win.cc(455)] unexpected header
[0122/153709.373:ERROR:crash_report_database_win.cc(455)] unexpected header
[0122/155209.374:ERROR:crash_report_database_win.cc(455)] unexpected header
[0122/160709.374:ERROR:crash_report_database_win.cc(455)] unexpected header
[0122/162209.375:ERROR:crash_report_database_win.cc(455)] unexpected header
[0122/163709.376:ERROR:crash_report_database_win.cc(455)] unexpected header
[0122/165209.376:ERROR:crash_report_database_win.cc(455)] unexpected header
[0122/170709.377:ERROR:crash_report_database_win.cc(455)] unexpected header
[0122/172209.377:ERROR:crash_report_database_win.cc(455)] unexpected header
[0122/173709.378:ERROR:crash_report_database_win.cc(455)] unexpected header
[0122/175209.379:ERROR:crash_report_database_win.cc(455)] unexpected header
[0122/180709.379:ERROR:crash_report_database_win.cc(455)] unexpected header
[0122/182209.380:ERROR:crash_report_database_win.cc(455)] unexpected header
[0122/183709.380:ERROR:crash_report_database_win.cc(455)] unexpected header
[0122/185209.381:ERROR:crash_report_database_win.cc(455)] unexpected header
[0122/190709.382:ERROR:crash_report_database_win.cc(455)] unexpected header
[0122/192209.382:ERROR:crash_report_database_win.cc(455)] unexpected header
[0122/193709.382:ERROR:crash_report_database_win.cc(455)] unexpected header
[0122/195209.383:ERROR:crash_report_database_win.cc(455)] unexpected header
[0122/200709.384:ERROR:crash_report_database_win.cc(455)] unexpected header
[0122/202209.384:ERROR:crash_report_database_win.cc(455)] unexpected header
[0122/203709.385:ERROR:crash_report_database_win.cc(455)] unexpected header
[0122/205209.386:ERROR:crash_report_database_win.cc(455)] unexpected header
[0122/210709.386:ERROR:crash_report_database_win.cc(455)] unexpected header
[0122/212209.387:ERROR:crash_report_database_win.cc(455)] unexpected header
[0122/213709.388:ERROR:crash_report_database_win.cc(455)] unexpected header
[0122/215209.388:ERROR:crash_report_database_win.cc(455)] unexpected header
[0122/220709.389:ERROR:crash_report_database_win.cc(455)] unexpected header
[0122/222209.389:ERROR:crash_report_database_win.cc(455)] unexpected header
[0122/223709.390:ERROR:crash_report_database_win.cc(455)] unexpected header
[0122/225209.391:ERROR:crash_report_database_win.cc(455)] unexpected header
[0122/230709.391:ERROR:crash_report_database_win.cc(455)] unexpected header
[0122/232209.392:ERROR:crash_report_database_win.cc(455)] unexpected header
[0122/233709.393:ERROR:crash_report_database_win.cc(455)] unexpected header
[0122/235209.393:ERROR:crash_report_database_win.cc(455)] unexpected header
[0123/000709.394:ERROR:crash_report_database_win.cc(455)] unexpected header
[0123/002209.394:ERROR:crash_report_database_win.cc(455)] unexpected header
[0123/003709.395:ERROR:crash_report_database_win.cc(455)] unexpected header
[0123/005209.396:ERROR:crash_report_database_win.cc(455)] unexpected header
[0123/010709.396:ERROR:crash_report_database_win.cc(455)] unexpected header
[0123/012209.397:ERROR:crash_report_database_win.cc(455)] unexpected header
[0123/013709.398:ERROR:crash_report_database_win.cc(455)] unexpected header
[0123/015209.398:ERROR:crash_report_database_win.cc(455)] unexpected header
[0123/020709.399:ERROR:crash_report_database_win.cc(455)] unexpected header
[0123/022209.400:ERROR:crash_report_database_win.cc(455)] unexpected header
[0123/023709.400:ERROR:crash_report_database_win.cc(455)] unexpected header
[0123/025209.401:ERROR:crash_report_database_win.cc(455)] unexpected header
[0123/030709.401:ERROR:crash_report_database_win.cc(455)] unexpected header
[0123/032209.402:ERROR:crash_report_database_win.cc(455)] unexpected header
[0123/033709.403:ERROR:crash_report_database_win.cc(455)] unexpected header
[0123/035209.403:ERROR:crash_report_database_win.cc(455)] unexpected header
[0123/040709.404:ERROR:crash_report_database_win.cc(455)] unexpected header
[0123/042209.405:ERROR:crash_report_database_win.cc(455)] unexpected header
[0123/043709.405:ERROR:crash_report_database_win.cc(455)] unexpected header
[0123/045209.406:ERROR:crash_report_database_win.cc(455)] unexpected header
[0123/050709.406:ERROR:crash_report_database_win.cc(455)] unexpected header
[0123/052209.407:ERROR:crash_report_database_win.cc(455)] unexpected header
[0123/065813.736:ERROR:crash_report_database_win.cc(455)] unexpected header
[0123/071313.737:ERROR:crash_report_database_win.cc(455)] unexpected header
[0123/072813.737:ERROR:crash_report_database_win.cc(455)] unexpected header
[0123/074313.738:ERROR:crash_report_database_win.cc(455)] unexpected header
[0123/075813.738:ERROR:crash_report_database_win.cc(455)] unexpected header
[0123/081313.739:ERROR:crash_report_database_win.cc(455)] unexpected header
[0123/082813.740:ERROR:crash_report_database_win.cc(455)] unexpected header
[0123/084313.740:ERROR:crash_report_database_win.cc(455)] unexpected header
[0123/085813.741:ERROR:crash_report_database_win.cc(455)] unexpected header
[0123/091313.742:ERROR:crash_report_database_win.cc(455)] unexpected header
[0123/092813.743:ERROR:crash_report_database_win.cc(455)] unexpected header
[0123/094313.743:ERROR:crash_report_database_win.cc(455)] unexpected header
[0123/095813.744:ERROR:crash_report_database_win.cc(455)] unexpected header
[0123/101313.745:ERROR:crash_report_database_win.cc(455)] unexpected header
[0123/102813.745:ERROR:crash_report_database_win.cc(455)] unexpected header
[0123/104313.746:ERROR:crash_report_database_win.cc(455)] unexpected header
[0123/105813.747:ERROR:crash_report_database_win.cc(455)] unexpected header
[0123/111313.747:ERROR:crash_report_database_win.cc(455)] unexpected header
[0123/112813.748:ERROR:crash_report_database_win.cc(455)] unexpected header
[0123/114313.748:ERROR:crash_report_database_win.cc(455)] unexpected header
[0123/115813.749:ERROR:crash_report_database_win.cc(455)] unexpected header
[0123/121313.750:ERROR:crash_report_database_win.cc(455)] unexpected header
[0123/122813.750:ERROR:crash_report_database_win.cc(455)] unexpected header
[0123/123810.649:ERROR:crash_report_database_win.cc(455)] unexpected header
[0123/123810.649:ERROR:directory_reader_win.cc(43)] FindFirstFile: The system cannot find the path specified. (0x3)
[0123/123810.650:ERROR:crash_report_database_win.cc(455)] unexpected header
[0123/123810.650:ERROR:crash_report_database_win.cc(455)] unexpected header
[0123/124313.750:ERROR:crash_report_database_win.cc(455)] unexpected header
[0123/125813.751:ERROR:crash_report_database_win.cc(455)] unexpected header
[0123/131313.752:ERROR:crash_report_database_win.cc(455)] unexpected header
[0123/132813.752:ERROR:crash_report_database_win.cc(455)] unexpected header
[0123/134313.753:ERROR:crash_report_database_win.cc(455)] unexpected header
[0123/135813.753:ERROR:crash_report_database_win.cc(455)] unexpected header
[0123/141313.754:ERROR:crash_report_database_win.cc(455)] unexpected header
[0123/142813.755:ERROR:crash_report_database_win.cc(455)] unexpected header
[0123/144313.755:ERROR:crash_report_database_win.cc(455)] unexpected header
[0123/145813.756:ERROR:crash_report_database_win.cc(455)] unexpected header
[0123/151313.756:ERROR:crash_report_database_win.cc(455)] unexpected header
[0123/152813.757:ERROR:crash_report_database_win.cc(455)] unexpected header
[0123/154313.758:ERROR:crash_report_database_win.cc(455)] unexpected header
[0123/155813.758:ERROR:crash_report_database_win.cc(455)] unexpected header
[0123/161313.759:ERROR:crash_report_database_win.cc(455)] unexpected header
[0123/162813.759:ERROR:crash_report_database_win.cc(455)] unexpected header
[0123/164313.760:ERROR:crash_report_database_win.cc(455)] unexpected header
[0123/165813.761:ERROR:crash_report_database_win.cc(455)] unexpected header
[0123/171313.761:ERROR:crash_report_database_win.cc(455)] unexpected header
[0123/172813.762:ERROR:crash_report_database_win.cc(455)] unexpected header
[0123/174313.763:ERROR:crash_report_database_win.cc(455)] unexpected header
[0123/175813.815:ERROR:crash_report_database_win.cc(455)] unexpected header
[0123/181313.828:ERROR:crash_report_database_win.cc(455)] unexpected header
[0123/182813.829:ERROR:crash_report_database_win.cc(455)] unexpected header
[0123/184313.830:ERROR:crash_report_database_win.cc(455)] unexpected header
[0123/185813.832:ERROR:crash_report_database_win.cc(455)] unexpected header
[0123/191313.834:ERROR:crash_report_database_win.cc(455)] unexpected header
[0123/192813.835:ERROR:crash_report_database_win.cc(455)] unexpected header
[0123/194313.837:ERROR:crash_report_database_win.cc(455)] unexpected header
[0123/195813.837:ERROR:crash_report_database_win.cc(455)] unexpected header
[0123/201313.930:ERROR:crash_report_database_win.cc(455)] unexpected header
[0123/202813.955:ERROR:crash_report_database_win.cc(455)] unexpected header
[0124/204105.549:ERROR:crash_report_database_win.cc(455)] unexpected header
[0124/205605.556:ERROR:crash_report_database_win.cc(455)] unexpected header
[0124/211105.848:ERROR:crash_report_database_win.cc(455)] unexpected header
[0124/212606.573:ERROR:crash_report_database_win.cc(455)] unexpected header
[0124/214107.089:ERROR:crash_report_database_win.cc(455)] unexpected header
[0124/215607.089:ERROR:crash_report_database_win.cc(455)] unexpected header
[0124/221107.091:ERROR:crash_report_database_win.cc(455)] unexpected header
[0124/222607.092:ERROR:crash_report_database_win.cc(455)] unexpected header
[0124/224107.092:ERROR:crash_report_database_win.cc(455)] unexpected header
[0124/225607.093:ERROR:crash_report_database_win.cc(455)] unexpected header
[0124/231301.648:ERROR:crash_report_database_win.cc(455)] unexpected header
[0124/232802.288:ERROR:crash_report_database_win.cc(455)] unexpected header
[0124/234302.288:ERROR:crash_report_database_win.cc(455)] unexpected header
[0124/235802.289:ERROR:crash_report_database_win.cc(455)] unexpected header
[0125/001302.290:ERROR:crash_report_database_win.cc(455)] unexpected header
[0125/002802.290:ERROR:crash_report_database_win.cc(455)] unexpected header
[0125/004302.291:ERROR:crash_report_database_win.cc(455)] unexpected header
[0125/005802.291:ERROR:crash_report_database_win.cc(455)] unexpected header
[0125/011302.292:ERROR:crash_report_database_win.cc(455)] unexpected header
[0125/012802.293:ERROR:crash_report_database_win.cc(455)] unexpected header
[0125/014302.294:ERROR:crash_report_database_win.cc(455)] unexpected header
[0125/015802.294:ERROR:crash_report_database_win.cc(455)] unexpected header
[0125/021302.294:ERROR:crash_report_database_win.cc(455)] unexpected header
[0125/022802.295:ERROR:crash_report_database_win.cc(455)] unexpected header
[0125/024302.296:ERROR:crash_report_database_win.cc(455)] unexpected header
[0125/025802.297:ERROR:crash_report_database_win.cc(455)] unexpected header
[0125/031302.297:ERROR:crash_report_database_win.cc(455)] unexpected header
[0125/032802.298:ERROR:crash_report_database_win.cc(455)] unexpected header
[0125/034302.298:ERROR:crash_report_database_win.cc(455)] unexpected header
[0125/035802.299:ERROR:crash_report_database_win.cc(455)] unexpected header
[0125/041302.300:ERROR:crash_report_database_win.cc(455)] unexpected header
[0125/042802.300:ERROR:crash_report_database_win.cc(455)] unexpected header
[0125/044302.301:ERROR:crash_report_database_win.cc(455)] unexpected header
[0125/045802.301:ERROR:crash_report_database_win.cc(455)] unexpected header
[0125/051302.302:ERROR:crash_report_database_win.cc(455)] unexpected header
[0125/052809.457:ERROR:crash_report_database_win.cc(455)] unexpected header
[0125/054309.457:ERROR:crash_report_database_win.cc(455)] unexpected header
[0125/055809.460:ERROR:crash_report_database_win.cc(455)] unexpected header
[0125/061309.461:ERROR:crash_report_database_win.cc(455)] unexpected header
[0125/062809.463:ERROR:crash_report_database_win.cc(455)] unexpected header
[0125/064309.464:ERROR:crash_report_database_win.cc(455)] unexpected header
[0125/065809.466:ERROR:crash_report_database_win.cc(455)] unexpected header
[0125/071309.466:ERROR:crash_report_database_win.cc(455)] unexpected header
[0125/072809.468:ERROR:crash_report_database_win.cc(455)] unexpected header
[0125/074309.469:ERROR:crash_report_database_win.cc(455)] unexpected header
[0125/075809.472:ERROR:crash_report_database_win.cc(455)] unexpected header
[0125/081309.473:ERROR:crash_report_database_win.cc(455)] unexpected header
[0125/082809.475:ERROR:crash_report_database_win.cc(455)] unexpected header
[0125/084310.872:ERROR:crash_report_database_win.cc(455)] unexpected header
[0125/085810.874:ERROR:crash_report_database_win.cc(455)] unexpected header
[0125/091310.875:ERROR:crash_report_database_win.cc(455)] unexpected header
[0125/092810.877:ERROR:crash_report_database_win.cc(455)] unexpected header
[0125/121709.071:ERROR:crash_report_database_win.cc(455)] unexpected header
[0125/123209.360:ERROR:crash_report_database_win.cc(455)] unexpected header
[0125/124709.360:ERROR:crash_report_database_win.cc(455)] unexpected header
[0125/130209.362:ERROR:crash_report_database_win.cc(455)] unexpected header
[0125/131709.363:ERROR:crash_report_database_win.cc(455)] unexpected header
[0125/133209.365:ERROR:crash_report_database_win.cc(455)] unexpected header
[0125/134709.366:ERROR:crash_report_database_win.cc(455)] unexpected header
[0125/224602.688:ERROR:crash_report_database_win.cc(455)] unexpected header
[0125/230102.705:ERROR:crash_report_database_win.cc(455)] unexpected header
[0125/231602.707:ERROR:crash_report_database_win.cc(455)] unexpected header
[0125/233102.708:ERROR:crash_report_database_win.cc(455)] unexpected header
[0125/234602.709:ERROR:crash_report_database_win.cc(455)] unexpected header
[0125/235556.747:ERROR:crash_report_database_win.cc(455)] unexpected header
[0125/235556.772:ERROR:directory_reader_win.cc(43)] FindFirstFile: The system cannot find the path specified. (0x3)
[0125/235556.786:ERROR:crash_report_database_win.cc(455)] unexpected header
[0125/235556.786:ERROR:crash_report_database_win.cc(455)] unexpected header
[0126/000102.709:ERROR:crash_report_database_win.cc(455)] unexpected header
[0126/001602.710:ERROR:crash_report_database_win.cc(455)] unexpected header
[0126/003102.713:ERROR:crash_report_database_win.cc(455)] unexpected header
[0126/004602.714:ERROR:crash_report_database_win.cc(455)] unexpected header
[0126/010102.715:ERROR:crash_report_database_win.cc(455)] unexpected header
[0126/011602.716:ERROR:crash_report_database_win.cc(455)] unexpected header
[0126/013102.717:ERROR:crash_report_database_win.cc(455)] unexpected header
[0126/014602.718:ERROR:crash_report_database_win.cc(455)] unexpected header
[0126/020102.721:ERROR:crash_report_database_win.cc(455)] unexpected header
[0126/021602.721:ERROR:crash_report_database_win.cc(455)] unexpected header
[0126/023102.723:ERROR:crash_report_database_win.cc(455)] unexpected header
[0126/024602.724:ERROR:crash_report_database_win.cc(455)] unexpected header
[0126/030102.726:ERROR:crash_report_database_win.cc(455)] unexpected header
[0126/031602.727:ERROR:crash_report_database_win.cc(455)] unexpected header
[0126/033102.729:ERROR:crash_report_database_win.cc(455)] unexpected header
[0126/034602.730:ERROR:crash_report_database_win.cc(455)] unexpected header
[0126/040102.731:ERROR:crash_report_database_win.cc(455)] unexpected header
[0126/041602.732:ERROR:crash_report_database_win.cc(455)] unexpected header
[0126/043102.734:ERROR:crash_report_database_win.cc(455)] unexpected header
[0126/044602.735:ERROR:crash_report_database_win.cc(455)] unexpected header
[0126/050102.736:ERROR:crash_report_database_win.cc(455)] unexpected header
[0126/051602.739:ERROR:crash_report_database_win.cc(455)] unexpected header
[0126/053102.740:ERROR:crash_report_database_win.cc(455)] unexpected header
[0126/054602.741:ERROR:crash_report_database_win.cc(455)] unexpected header
[0126/060102.741:ERROR:crash_report_database_win.cc(455)] unexpected header
[0126/061602.742:ERROR:crash_report_database_win.cc(455)] unexpected header
[0126/063102.743:ERROR:crash_report_database_win.cc(455)] unexpected header
[0126/064602.775:ERROR:crash_report_database_win.cc(455)] unexpected header
[0126/070102.815:ERROR:crash_report_database_win.cc(455)] unexpected header
[0126/071602.938:ERROR:crash_report_database_win.cc(455)] unexpected header
[0126/073103.042:ERROR:crash_report_database_win.cc(455)] unexpected header
[0126/074603.617:ERROR:crash_report_database_win.cc(455)] unexpected header
[0126/080103.886:ERROR:crash_report_database_win.cc(455)] unexpected header
[0126/081603.935:ERROR:crash_report_database_win.cc(455)] unexpected header
[0126/083103.936:ERROR:crash_report_database_win.cc(455)] unexpected header
[0126/084603.936:ERROR:crash_report_database_win.cc(455)] unexpected header
[0126/090103.937:ERROR:crash_report_database_win.cc(455)] unexpected header
[0126/091603.938:ERROR:crash_report_database_win.cc(455)] unexpected header
[0126/093103.938:ERROR:crash_report_database_win.cc(455)] unexpected header
[0126/094603.939:ERROR:crash_report_database_win.cc(455)] unexpected header
[0126/100103.939:ERROR:crash_report_database_win.cc(455)] unexpected header
[0126/101603.940:ERROR:crash_report_database_win.cc(455)] unexpected header
[0126/103103.940:ERROR:crash_report_database_win.cc(455)] unexpected header
[0126/104603.941:ERROR:crash_report_database_win.cc(455)] unexpected header
[0126/110103.942:ERROR:crash_report_database_win.cc(455)] unexpected header
[0126/111603.942:ERROR:crash_report_database_win.cc(455)] unexpected header
[0126/113103.943:ERROR:crash_report_database_win.cc(455)] unexpected header
[0126/114603.943:ERROR:crash_report_database_win.cc(455)] unexpected header
[0126/120105.281:ERROR:crash_report_database_win.cc(455)] unexpected header
[0126/121605.286:ERROR:crash_report_database_win.cc(455)] unexpected header
[0126/123105.287:ERROR:crash_report_database_win.cc(455)] unexpected header
[0126/124605.289:ERROR:crash_report_database_win.cc(455)] unexpected header
[0126/130105.291:ERROR:crash_report_database_win.cc(455)] unexpected header
[0126/131605.291:ERROR:crash_report_database_win.cc(455)] unexpected header
[0126/133105.292:ERROR:crash_report_database_win.cc(455)] unexpected header
[0126/134605.292:ERROR:crash_report_database_win.cc(455)] unexpected header
[0126/140105.440:ERROR:crash_report_database_win.cc(455)] unexpected header
[0126/141605.497:ERROR:crash_report_database_win.cc(455)] unexpected header
[0126/143105.499:ERROR:crash_report_database_win.cc(455)] unexpected header
[0126/144605.575:ERROR:crash_report_database_win.cc(455)] unexpected header
[0126/150105.626:ERROR:crash_report_database_win.cc(455)] unexpected header
[0126/151605.627:ERROR:crash_report_database_win.cc(455)] unexpected header
[0126/153105.629:ERROR:crash_report_database_win.cc(455)] unexpected header
[0126/154605.631:ERROR:crash_report_database_win.cc(455)] unexpected header
[0126/160105.632:ERROR:crash_report_database_win.cc(455)] unexpected header
[0126/161605.634:ERROR:crash_report_database_win.cc(455)] unexpected header
[0126/163105.635:ERROR:crash_report_database_win.cc(455)] unexpected header
[0126/164605.637:ERROR:crash_report_database_win.cc(455)] unexpected header
[0126/170105.637:ERROR:crash_report_database_win.cc(455)] unexpected header
[0126/171605.637:ERROR:crash_report_database_win.cc(455)] unexpected header
[0126/173105.638:ERROR:crash_report_database_win.cc(455)] unexpected header
[0126/174605.641:ERROR:crash_report_database_win.cc(455)] unexpected header
[0126/180105.641:ERROR:crash_report_database_win.cc(455)] unexpected header
[0126/181605.643:ERROR:crash_report_database_win.cc(455)] unexpected header
[0126/183105.645:ERROR:crash_report_database_win.cc(455)] unexpected header
[0127/053758.894:ERROR:crash_report_database_win.cc(455)] unexpected header
[0127/055258.895:ERROR:crash_report_database_win.cc(455)] unexpected header
[0127/060758.895:ERROR:crash_report_database_win.cc(455)] unexpected header
[0127/062258.896:ERROR:crash_report_database_win.cc(455)] unexpected header
[0127/063759.470:ERROR:crash_report_database_win.cc(455)] unexpected header
[0127/065259.498:ERROR:crash_report_database_win.cc(455)] unexpected header
[0127/070759.498:ERROR:crash_report_database_win.cc(455)] unexpected header
[0127/072259.498:ERROR:crash_report_database_win.cc(455)] unexpected header
[0127/073759.499:ERROR:crash_report_database_win.cc(455)] unexpected header
[0127/075259.500:ERROR:crash_report_database_win.cc(455)] unexpected header
[0127/080759.500:ERROR:crash_report_database_win.cc(455)] unexpected header
[0127/082259.501:ERROR:crash_report_database_win.cc(455)] unexpected header
[0127/083759.501:ERROR:crash_report_database_win.cc(455)] unexpected header
[0127/085259.502:ERROR:crash_report_database_win.cc(455)] unexpected header
[0127/090759.503:ERROR:crash_report_database_win.cc(455)] unexpected header
[0127/092259.503:ERROR:crash_report_database_win.cc(455)] unexpected header
[0127/093759.504:ERROR:crash_report_database_win.cc(455)] unexpected header
[0127/095259.504:ERROR:crash_report_database_win.cc(455)] unexpected header
[0127/100759.505:ERROR:crash_report_database_win.cc(455)] unexpected header
[0127/102259.506:ERROR:crash_report_database_win.cc(455)] unexpected header
[0127/103759.506:ERROR:crash_report_database_win.cc(455)] unexpected header
[0127/104750.085:ERROR:crash_report_database_win.cc(455)] unexpected header
[0127/104750.110:ERROR:directory_reader_win.cc(43)] FindFirstFile: The system cannot find the path specified. (0x3)
[0127/104750.125:ERROR:crash_report_database_win.cc(455)] unexpected header
[0127/104750.125:ERROR:crash_report_database_win.cc(455)] unexpected header
[0127/105259.507:ERROR:crash_report_database_win.cc(455)] unexpected header
[0127/110759.508:ERROR:crash_report_database_win.cc(455)] unexpected header
[0127/112259.508:ERROR:crash_report_database_win.cc(455)] unexpected header
[0127/113759.509:ERROR:crash_report_database_win.cc(455)] unexpected header
[0127/115259.509:ERROR:crash_report_database_win.cc(455)] unexpected header
[0127/120759.655:ERROR:crash_report_database_win.cc(455)] unexpected header
[0127/122259.799:ERROR:crash_report_database_win.cc(455)] unexpected header
[0127/123759.927:ERROR:crash_report_database_win.cc(455)] unexpected header
[0127/125259.954:ERROR:crash_report_database_win.cc(455)] unexpected header
[0127/130759.956:ERROR:crash_report_database_win.cc(455)] unexpected header
[0127/132259.957:ERROR:crash_report_database_win.cc(455)] unexpected header
[0127/133759.958:ERROR:crash_report_database_win.cc(455)] unexpected header
[0127/135259.960:ERROR:crash_report_database_win.cc(455)] unexpected header
[0127/140759.962:ERROR:crash_report_database_win.cc(455)] unexpected header
[0127/142259.963:ERROR:crash_report_database_win.cc(455)] unexpected header
[0127/143759.964:ERROR:crash_report_database_win.cc(455)] unexpected header
[0127/145300.005:ERROR:crash_report_database_win.cc(455)] unexpected header
[0127/150800.159:ERROR:crash_report_database_win.cc(455)] unexpected header
[0127/152300.188:ERROR:crash_report_database_win.cc(455)] unexpected header
[0127/153800.189:ERROR:crash_report_database_win.cc(455)] unexpected header
[0127/155300.189:ERROR:crash_report_database_win.cc(455)] unexpected header
[0127/160800.190:ERROR:crash_report_database_win.cc(455)] unexpected header
[0127/162300.190:ERROR:crash_report_database_win.cc(455)] unexpected header
[0127/163800.191:ERROR:crash_report_database_win.cc(455)] unexpected header
[0127/165300.191:ERROR:crash_report_database_win.cc(455)] unexpected header
[0127/170800.270:ERROR:crash_report_database_win.cc(455)] unexpected header
[0127/172300.293:ERROR:crash_report_database_win.cc(455)] unexpected header
[0127/173800.295:ERROR:crash_report_database_win.cc(455)] unexpected header
[0127/175300.295:ERROR:crash_report_database_win.cc(455)] unexpected header
[0127/180800.320:ERROR:crash_report_database_win.cc(455)] unexpected header
[0127/182300.322:ERROR:crash_report_database_win.cc(455)] unexpected header
[0127/183800.322:ERROR:crash_report_database_win.cc(455)] unexpected header
[0127/185300.323:ERROR:crash_report_database_win.cc(455)] unexpected header
[0127/190800.324:ERROR:crash_report_database_win.cc(455)] unexpected header
[0127/192300.325:ERROR:crash_report_database_win.cc(455)] unexpected header
[0127/193800.326:ERROR:crash_report_database_win.cc(455)] unexpected header
[0127/195300.329:ERROR:crash_report_database_win.cc(455)] unexpected header
[0128/012650.735:ERROR:crash_report_database_win.cc(455)] unexpected header
[0128/014150.761:ERROR:crash_report_database_win.cc(455)] unexpected header
[0128/015650.762:ERROR:crash_report_database_win.cc(455)] unexpected header
[0128/021150.762:ERROR:crash_report_database_win.cc(455)] unexpected header
[0128/022650.762:ERROR:crash_report_database_win.cc(455)] unexpected header
[0128/024150.807:ERROR:crash_report_database_win.cc(455)] unexpected header
[0128/025650.807:ERROR:crash_report_database_win.cc(455)] unexpected header
[0128/031150.808:ERROR:crash_report_database_win.cc(455)] unexpected header
[0128/032650.835:ERROR:crash_report_database_win.cc(455)] unexpected header
[0128/034150.835:ERROR:crash_report_database_win.cc(455)] unexpected header
[0128/035650.836:ERROR:crash_report_database_win.cc(455)] unexpected header
[0128/041150.837:ERROR:crash_report_database_win.cc(455)] unexpected header
[0128/042650.837:ERROR:crash_report_database_win.cc(455)] unexpected header
[0128/105423.857:ERROR:crash_report_database_win.cc(455)] unexpected header
[0128/110923.888:ERROR:crash_report_database_win.cc(455)] unexpected header
[0128/112423.888:ERROR:crash_report_database_win.cc(455)] unexpected header
[0128/113923.892:ERROR:crash_report_database_win.cc(455)] unexpected header
[0128/115423.980:ERROR:crash_report_database_win.cc(455)] unexpected header
[0128/120924.053:ERROR:crash_report_database_win.cc(455)] unexpected header
[0128/122424.087:ERROR:crash_report_database_win.cc(455)] unexpected header
[0128/123924.151:ERROR:crash_report_database_win.cc(455)] unexpected header
[0128/125424.160:ERROR:crash_report_database_win.cc(455)] unexpected header
[0128/130924.160:ERROR:crash_report_database_win.cc(455)] unexpected header
[0128/132424.161:ERROR:crash_report_database_win.cc(455)] unexpected header
[0128/133924.175:ERROR:crash_report_database_win.cc(455)] unexpected header
[0128/135424.279:ERROR:crash_report_database_win.cc(455)] unexpected header
[0128/140924.395:ERROR:crash_report_database_win.cc(455)] unexpected header
[0128/142424.590:ERROR:crash_report_database_win.cc(455)] unexpected header
[0128/143924.658:ERROR:crash_report_database_win.cc(455)] unexpected header
[0128/145424.671:ERROR:crash_report_database_win.cc(455)] unexpected header
[0128/150924.674:ERROR:crash_report_database_win.cc(455)] unexpected header
[0128/152424.945:ERROR:crash_report_database_win.cc(455)] unexpected header
[0128/153924.946:ERROR:crash_report_database_win.cc(455)] unexpected header
[0128/155424.947:ERROR:crash_report_database_win.cc(455)] unexpected header
[0128/160924.949:ERROR:crash_report_database_win.cc(455)] unexpected header
[0128/162424.980:ERROR:crash_report_database_win.cc(455)] unexpected header
[0128/163925.104:ERROR:crash_report_database_win.cc(455)] unexpected header
[0128/165425.229:ERROR:crash_report_database_win.cc(455)] unexpected header
[0128/170925.356:ERROR:crash_report_database_win.cc(455)] unexpected header
[0128/172425.399:ERROR:crash_report_database_win.cc(455)] unexpected header
[0128/173925.431:ERROR:crash_report_database_win.cc(455)] unexpected header
[0128/175425.432:ERROR:crash_report_database_win.cc(455)] unexpected header
[0128/180925.432:ERROR:crash_report_database_win.cc(455)] unexpected header
[0128/182425.433:ERROR:crash_report_database_win.cc(455)] unexpected header
[0128/183925.435:ERROR:crash_report_database_win.cc(455)] unexpected header
[0128/185425.436:ERROR:crash_report_database_win.cc(455)] unexpected header
[0128/190925.438:ERROR:crash_report_database_win.cc(455)] unexpected header
[0128/220002.153:ERROR:crash_report_database_win.cc(455)] unexpected header
[0128/221502.175:ERROR:crash_report_database_win.cc(455)] unexpected header
[0128/223002.175:ERROR:crash_report_database_win.cc(455)] unexpected header
[0129/082850.762:ERROR:crash_report_database_win.cc(455)] unexpected header
[0129/084350.794:ERROR:crash_report_database_win.cc(455)] unexpected header
[0129/085850.796:ERROR:crash_report_database_win.cc(455)] unexpected header
[0129/091350.798:ERROR:crash_report_database_win.cc(455)] unexpected header
[0129/092850.799:ERROR:crash_report_database_win.cc(455)] unexpected header
[0129/094350.800:ERROR:crash_report_database_win.cc(455)] unexpected header
[0129/095850.802:ERROR:crash_report_database_win.cc(455)] unexpected header
[0129/101350.804:ERROR:crash_report_database_win.cc(455)] unexpected header
[0129/102850.806:ERROR:crash_report_database_win.cc(455)] unexpected header
[0129/103838.883:ERROR:crash_report_database_win.cc(455)] unexpected header
[0129/103838.916:ERROR:directory_reader_win.cc(43)] FindFirstFile: The system cannot find the path specified. (0x3)
[0129/103838.929:ERROR:crash_report_database_win.cc(455)] unexpected header
[0129/103838.930:ERROR:crash_report_database_win.cc(455)] unexpected header
[0129/104350.807:ERROR:crash_report_database_win.cc(455)] unexpected header
[0129/105850.808:ERROR:crash_report_database_win.cc(455)] unexpected header
[0129/111350.809:ERROR:crash_report_database_win.cc(455)] unexpected header
[0129/112850.810:ERROR:crash_report_database_win.cc(455)] unexpected header
[0129/114350.812:ERROR:crash_report_database_win.cc(455)] unexpected header
[0129/115850.813:ERROR:crash_report_database_win.cc(455)] unexpected header
[0129/121350.815:ERROR:crash_report_database_win.cc(455)] unexpected header
[0129/122850.816:ERROR:crash_report_database_win.cc(455)] unexpected header
[0129/124350.817:ERROR:crash_report_database_win.cc(455)] unexpected header
[0129/125850.818:ERROR:crash_report_database_win.cc(455)] unexpected header
[0129/131350.820:ERROR:crash_report_database_win.cc(455)] unexpected header
[0129/132850.821:ERROR:crash_report_database_win.cc(455)] unexpected header
[0129/134350.823:ERROR:crash_report_database_win.cc(455)] unexpected header
[0129/135850.824:ERROR:crash_report_database_win.cc(455)] unexpected header
[0129/141350.827:ERROR:crash_report_database_win.cc(455)] unexpected header
[0129/142850.828:ERROR:crash_report_database_win.cc(455)] unexpected header
[0129/144350.830:ERROR:crash_report_database_win.cc(455)] unexpected header
[0129/145850.831:ERROR:crash_report_database_win.cc(455)] unexpected header
[0129/151350.833:ERROR:crash_report_database_win.cc(455)] unexpected header
[0129/152850.834:ERROR:crash_report_database_win.cc(455)] unexpected header
[0129/154350.835:ERROR:crash_report_database_win.cc(455)] unexpected header
[0129/155850.835:ERROR:crash_report_database_win.cc(455)] unexpected header
[0129/161350.837:ERROR:crash_report_database_win.cc(455)] unexpected header
[0129/162850.838:ERROR:crash_report_database_win.cc(455)] unexpected header
[0129/175536.162:ERROR:crash_report_database_win.cc(455)] unexpected header
[0130/061136.794:ERROR:crash_report_database_win.cc(455)] unexpected header
[0130/062636.892:ERROR:crash_report_database_win.cc(455)] unexpected header
[0130/064137.064:ERROR:crash_report_database_win.cc(455)] unexpected header
[0130/065638.054:ERROR:crash_report_database_win.cc(455)] unexpected header
[0130/071139.089:ERROR:crash_report_database_win.cc(455)] unexpected header
[0130/072639.185:ERROR:crash_report_database_win.cc(455)] unexpected header
[0130/074139.186:ERROR:crash_report_database_win.cc(455)] unexpected header
[0130/075639.187:ERROR:crash_report_database_win.cc(455)] unexpected header
[0130/081139.189:ERROR:crash_report_database_win.cc(455)] unexpected header
[0130/082639.190:ERROR:crash_report_database_win.cc(455)] unexpected header
[0130/084139.191:ERROR:crash_report_database_win.cc(455)] unexpected header
[0130/145520.573:ERROR:crash_report_database_win.cc(455)] unexpected header
[0130/151020.612:ERROR:crash_report_database_win.cc(455)] unexpected header
[0130/152520.617:ERROR:crash_report_database_win.cc(455)] unexpected header
[0130/154020.618:ERROR:crash_report_database_win.cc(455)] unexpected header
[0130/155520.618:ERROR:crash_report_database_win.cc(455)] unexpected header
[0130/161020.619:ERROR:crash_report_database_win.cc(455)] unexpected header
[0130/162520.620:ERROR:crash_report_database_win.cc(455)] unexpected header
[0130/164020.622:ERROR:crash_report_database_win.cc(455)] unexpected header
[0130/165520.625:ERROR:crash_report_database_win.cc(455)] unexpected header
[0130/171020.625:ERROR:crash_report_database_win.cc(455)] unexpected header
[0130/172520.628:ERROR:crash_report_database_win.cc(455)] unexpected header
[0130/174020.629:ERROR:crash_report_database_win.cc(455)] unexpected header
[0130/175520.631:ERROR:crash_report_database_win.cc(455)] unexpected header
[0130/181020.632:ERROR:crash_report_database_win.cc(455)] unexpected header
[0130/182520.634:ERROR:crash_report_database_win.cc(455)] unexpected header
[0130/212900.843:ERROR:crash_report_database_win.cc(455)] unexpected header
[0131/055736.928:ERROR:crash_report_database_win.cc(455)] unexpected header
[0131/061236.953:ERROR:crash_report_database_win.cc(455)] unexpected header
[0131/062736.999:ERROR:crash_report_database_win.cc(455)] unexpected header
[0131/064237.001:ERROR:crash_report_database_win.cc(455)] unexpected header
[0131/065737.003:ERROR:crash_report_database_win.cc(455)] unexpected header
[0131/071237.004:ERROR:crash_report_database_win.cc(455)] unexpected header
[0131/072737.005:ERROR:crash_report_database_win.cc(455)] unexpected header
[0131/074237.006:ERROR:crash_report_database_win.cc(455)] unexpected header
[0131/075737.149:ERROR:crash_report_database_win.cc(455)] unexpected header
[0131/081237.375:ERROR:crash_report_database_win.cc(455)] unexpected header
[0131/082737.377:ERROR:crash_report_database_win.cc(455)] unexpected header
[0131/084237.414:ERROR:crash_report_database_win.cc(455)] unexpected header
[0131/085737.415:ERROR:crash_report_database_win.cc(455)] unexpected header
[0131/091237.415:ERROR:crash_report_database_win.cc(455)] unexpected header
[0131/092737.416:ERROR:crash_report_database_win.cc(455)] unexpected header
[0131/094237.417:ERROR:crash_report_database_win.cc(455)] unexpected header
[0131/095737.417:ERROR:crash_report_database_win.cc(455)] unexpected header
[0131/101237.419:ERROR:crash_report_database_win.cc(455)] unexpected header
[0131/102737.419:ERROR:crash_report_database_win.cc(455)] unexpected header
[0131/104237.420:ERROR:crash_report_database_win.cc(455)] unexpected header
[0131/105737.420:ERROR:crash_report_database_win.cc(455)] unexpected header
[0131/111237.421:ERROR:crash_report_database_win.cc(455)] unexpected header
[0131/112737.422:ERROR:crash_report_database_win.cc(455)] unexpected header
[0131/114237.422:ERROR:crash_report_database_win.cc(455)] unexpected header
[0131/115737.423:ERROR:crash_report_database_win.cc(455)] unexpected header
[0131/121237.424:ERROR:crash_report_database_win.cc(455)] unexpected header
[0131/122737.424:ERROR:crash_report_database_win.cc(455)] unexpected header
[0131/124237.425:ERROR:crash_report_database_win.cc(455)] unexpected header
[0131/125737.425:ERROR:crash_report_database_win.cc(455)] unexpected header
[0131/131237.427:ERROR:crash_report_database_win.cc(455)] unexpected header
[0131/132737.427:ERROR:crash_report_database_win.cc(455)] unexpected header
[0131/134237.428:ERROR:crash_report_database_win.cc(455)] unexpected header
[0131/135737.428:ERROR:crash_report_database_win.cc(455)] unexpected header
[0131/141237.429:ERROR:crash_report_database_win.cc(455)] unexpected header
[0131/142737.429:ERROR:crash_report_database_win.cc(455)] unexpected header
